0 verbose cli /opt/homebrew/Cellar/node/22.2.0/bin/node /opt/homebrew/bin/npm
1 info using npm@10.7.0
2 info using node@v22.2.0
3 silly config:load:file:/opt/homebrew/lib/node_modules/npm/npmrc
4 silly config:load:file:/Users/damionrashford/reservation-app/.npmrc
5 silly config:load:file:/Users/damionrashford/.npmrc
6 silly config:load:file:/opt/homebrew/etc/npmrc
7 verbose title npm install
8 verbose argv "install" "--legacy-peer-deps"
9 verbose logfile logs-max:10 dir:/Users/damionrashford/.npm/_logs/2024-07-07T03_52_25_181Z-
10 verbose logfile /Users/damionrashford/.npm/_logs/2024-07-07T03_52_25_181Z-debug-0.log
11 silly logfile start cleaning logs, removing 1 files
12 silly logfile done cleaning log files
13 silly idealTree buildDeps
14 silly reify mark retired [
14 silly reify   '/Users/damionrashford/reservation-app/node_modules/@eslint/eslintrc'
14 silly reify ]
15 silly reify mark retired [ '/Users/damionrashford/reservation-app/node_modules/@eslint/js' ]
16 silly reify mark retired [
16 silly reify   '/Users/damionrashford/reservation-app/node_modules/@humanwhocodes/config-array'
16 silly reify ]
17 silly reify mark retired [
17 silly reify   '/Users/damionrashford/reservation-app/node_modules/@humanwhocodes/module-importer'
17 silly reify ]
18 silly reify mark retired [
18 silly reify   '/Users/damionrashford/reservation-app/node_modules/@humanwhocodes/object-schema'
18 silly reify ]
19 silly reify mark retired [
19 silly reify   '/Users/damionrashford/reservation-app/node_modules/@ungap/structured-clone'
19 silly reify ]
20 silly reify mark retired [
20 silly reify   '/Users/damionrashford/reservation-app/node_modules/acorn',
20 silly reify   '/Users/damionrashford/reservation-app/node_modules/.bin/acorn'
20 silly reify ]
21 silly reify mark retired [ '/Users/damionrashford/reservation-app/node_modules/acorn-jsx' ]
22 silly reify mark retired [ '/Users/damionrashford/reservation-app/node_modules/ajv' ]
23 silly reify mark retired [ '/Users/damionrashford/reservation-app/node_modules/argparse' ]
24 silly reify mark retired [ '/Users/damionrashford/reservation-app/node_modules/callsites' ]
25 silly reify mark retired [ '/Users/damionrashford/reservation-app/node_modules/cross-spawn' ]
26 silly reify mark retired [ '/Users/damionrashford/reservation-app/node_modules/deep-is' ]
27 silly reify mark retired [ '/Users/damionrashford/reservation-app/node_modules/doctrine' ]
28 silly reify mark retired [
28 silly reify   '/Users/damionrashford/reservation-app/node_modules/escape-string-regexp'
28 silly reify ]
29 silly reify mark retired [
29 silly reify   '/Users/damionrashford/reservation-app/node_modules/eslint',
29 silly reify   '/Users/damionrashford/reservation-app/node_modules/.bin/eslint'
29 silly reify ]
30 silly reify mark retired [ '/Users/damionrashford/reservation-app/node_modules/eslint-scope' ]
31 silly reify mark retired [ '/Users/damionrashford/reservation-app/node_modules/espree' ]
32 silly reify mark retired [ '/Users/damionrashford/reservation-app/node_modules/esquery' ]
33 silly reify mark retired [
33 silly reify   '/Users/damionrashford/reservation-app/node_modules/fast-deep-equal'
33 silly reify ]
34 silly reify mark retired [
34 silly reify   '/Users/damionrashford/reservation-app/node_modules/fast-json-stable-stringify'
34 silly reify ]
35 silly reify mark retired [
35 silly reify   '/Users/damionrashford/reservation-app/node_modules/fast-levenshtein'
35 silly reify ]
36 silly reify mark retired [
36 silly reify   '/Users/damionrashford/reservation-app/node_modules/file-entry-cache'
36 silly reify ]
37 silly reify mark retired [ '/Users/damionrashford/reservation-app/node_modules/find-up' ]
38 silly reify mark retired [ '/Users/damionrashford/reservation-app/node_modules/flat-cache' ]
39 silly reify mark retired [ '/Users/damionrashford/reservation-app/node_modules/flatted' ]
40 silly reify mark retired [ '/Users/damionrashford/reservation-app/node_modules/fs.realpath' ]
41 silly reify mark retired [ '/Users/damionrashford/reservation-app/node_modules/glob' ]
42 silly reify mark retired [ '/Users/damionrashford/reservation-app/node_modules/glob-parent' ]
43 silly reify mark retired [ '/Users/damionrashford/reservation-app/node_modules/globals' ]
44 silly reify mark retired [ '/Users/damionrashford/reservation-app/node_modules/import-fresh' ]
45 silly reify mark retired [ '/Users/damionrashford/reservation-app/node_modules/imurmurhash' ]
46 silly reify mark retired [ '/Users/damionrashford/reservation-app/node_modules/inflight' ]
47 silly reify mark retired [ '/Users/damionrashford/reservation-app/node_modules/is-path-inside' ]
48 silly reify mark retired [ '/Users/damionrashford/reservation-app/node_modules/isexe' ]
49 silly reify mark retired [
49 silly reify   '/Users/damionrashford/reservation-app/node_modules/js-yaml',
49 silly reify   '/Users/damionrashford/reservation-app/node_modules/.bin/js-yaml'
49 silly reify ]
50 silly reify mark retired [ '/Users/damionrashford/reservation-app/node_modules/json-buffer' ]
51 silly reify mark retired [
51 silly reify   '/Users/damionrashford/reservation-app/node_modules/json-schema-traverse'
51 silly reify ]
52 silly reify mark retired [
52 silly reify   '/Users/damionrashford/reservation-app/node_modules/json-stable-stringify-without-jsonify'
52 silly reify ]
53 silly reify mark retired [ '/Users/damionrashford/reservation-app/node_modules/keyv' ]
54 silly reify mark retired [ '/Users/damionrashford/reservation-app/node_modules/levn' ]
55 silly reify mark retired [ '/Users/damionrashford/reservation-app/node_modules/locate-path' ]
56 silly reify mark retired [ '/Users/damionrashford/reservation-app/node_modules/lodash.merge' ]
57 silly reify mark retired [ '/Users/damionrashford/reservation-app/node_modules/once' ]
58 silly reify mark retired [ '/Users/damionrashford/reservation-app/node_modules/optionator' ]
59 silly reify mark retired [ '/Users/damionrashford/reservation-app/node_modules/p-limit' ]
60 silly reify mark retired [ '/Users/damionrashford/reservation-app/node_modules/p-locate' ]
61 silly reify mark retired [ '/Users/damionrashford/reservation-app/node_modules/parent-module' ]
62 silly reify mark retired [ '/Users/damionrashford/reservation-app/node_modules/path-exists' ]
63 silly reify mark retired [
63 silly reify   '/Users/damionrashford/reservation-app/node_modules/path-is-absolute'
63 silly reify ]
64 silly reify mark retired [ '/Users/damionrashford/reservation-app/node_modules/path-key' ]
65 silly reify mark retired [ '/Users/damionrashford/reservation-app/node_modules/prelude-ls' ]
66 silly reify mark retired [ '/Users/damionrashford/reservation-app/node_modules/punycode' ]
67 silly reify mark retired [ '/Users/damionrashford/reservation-app/node_modules/resolve-from' ]
68 silly reify mark retired [
68 silly reify   '/Users/damionrashford/reservation-app/node_modules/rimraf',
68 silly reify   '/Users/damionrashford/reservation-app/node_modules/.bin/rimraf'
68 silly reify ]
69 silly reify mark retired [
69 silly reify   '/Users/damionrashford/reservation-app/node_modules/shebang-command'
69 silly reify ]
70 silly reify mark retired [ '/Users/damionrashford/reservation-app/node_modules/shebang-regex' ]
71 silly reify mark retired [ '/Users/damionrashford/reservation-app/node_modules/strip-ansi' ]
72 silly reify mark retired [
72 silly reify   '/Users/damionrashford/reservation-app/node_modules/strip-json-comments'
72 silly reify ]
73 silly reify mark retired [ '/Users/damionrashford/reservation-app/node_modules/text-table' ]
74 silly reify mark retired [ '/Users/damionrashford/reservation-app/node_modules/type-check' ]
75 silly reify mark retired [ '/Users/damionrashford/reservation-app/node_modules/type-fest' ]
76 silly reify mark retired [ '/Users/damionrashford/reservation-app/node_modules/uri-js' ]
77 silly reify mark retired [
77 silly reify   '/Users/damionrashford/reservation-app/node_modules/which',
77 silly reify   '/Users/damionrashford/reservation-app/node_modules/.bin/node-which'
77 silly reify ]
78 silly reify mark retired [ '/Users/damionrashford/reservation-app/node_modules/word-wrap' ]
79 silly reify mark retired [ '/Users/damionrashford/reservation-app/node_modules/wrappy' ]
80 silly reify mark retired [ '/Users/damionrashford/reservation-app/node_modules/yocto-queue' ]
81 silly reify moves {
81 silly reify   '/Users/damionrashford/reservation-app/node_modules/@eslint/eslintrc': '/Users/damionrashford/reservation-app/node_modules/@eslint/.eslintrc-NE7QkNXT',
81 silly reify   '/Users/damionrashford/reservation-app/node_modules/@eslint/js': '/Users/damionrashford/reservation-app/node_modules/@eslint/.js-idQDtVlr',
81 silly reify   '/Users/damionrashford/reservation-app/node_modules/@humanwhocodes/config-array': '/Users/damionrashford/reservation-app/node_modules/@humanwhocodes/.config-array-GV77x7EN',
81 silly reify   '/Users/damionrashford/reservation-app/node_modules/@humanwhocodes/module-importer': '/Users/damionrashford/reservation-app/node_modules/@humanwhocodes/.module-importer-CKXRnZgw',
81 silly reify   '/Users/damionrashford/reservation-app/node_modules/@humanwhocodes/object-schema': '/Users/damionrashford/reservation-app/node_modules/@humanwhocodes/.object-schema-DUCgA9wR',
81 silly reify   '/Users/damionrashford/reservation-app/node_modules/@ungap/structured-clone': '/Users/damionrashford/reservation-app/node_modules/@ungap/.structured-clone-6BhYMTe4',
81 silly reify   '/Users/damionrashford/reservation-app/node_modules/acorn': '/Users/damionrashford/reservation-app/node_modules/.acorn-GPRgGD37',
81 silly reify   '/Users/damionrashford/reservation-app/node_modules/.bin/acorn': '/Users/damionrashford/reservation-app/node_modules/.bin/.acorn-KHNEOhjc',
81 silly reify   '/Users/damionrashford/reservation-app/node_modules/acorn-jsx': '/Users/damionrashford/reservation-app/node_modules/.acorn-jsx-iZ9yBwfu',
81 silly reify   '/Users/damionrashford/reservation-app/node_modules/ajv': '/Users/damionrashford/reservation-app/node_modules/.ajv-vcVUBJpE',
81 silly reify   '/Users/damionrashford/reservation-app/node_modules/argparse': '/Users/damionrashford/reservation-app/node_modules/.argparse-SedkF0ol',
81 silly reify   '/Users/damionrashford/reservation-app/node_modules/callsites': '/Users/damionrashford/reservation-app/node_modules/.callsites-QrOHFjuS',
81 silly reify   '/Users/damionrashford/reservation-app/node_modules/cross-spawn': '/Users/damionrashford/reservation-app/node_modules/.cross-spawn-0oA7OvEt',
81 silly reify   '/Users/damionrashford/reservation-app/node_modules/deep-is': '/Users/damionrashford/reservation-app/node_modules/.deep-is-XtcOATy5',
81 silly reify   '/Users/damionrashford/reservation-app/node_modules/doctrine': '/Users/damionrashford/reservation-app/node_modules/.doctrine-tfo8z8Q6',
81 silly reify   '/Users/damionrashford/reservation-app/node_modules/escape-string-regexp': '/Users/damionrashford/reservation-app/node_modules/.escape-string-regexp-QJM5Ippf',
81 silly reify   '/Users/damionrashford/reservation-app/node_modules/eslint': '/Users/damionrashford/reservation-app/node_modules/.eslint-yAMUrAP4',
81 silly reify   '/Users/damionrashford/reservation-app/node_modules/.bin/eslint': '/Users/damionrashford/reservation-app/node_modules/.bin/.eslint-1gqswtbN',
81 silly reify   '/Users/damionrashford/reservation-app/node_modules/eslint-scope': '/Users/damionrashford/reservation-app/node_modules/.eslint-scope-ipp4JkTu',
81 silly reify   '/Users/damionrashford/reservation-app/node_modules/espree': '/Users/damionrashford/reservation-app/node_modules/.espree-LPPxuumL',
81 silly reify   '/Users/damionrashford/reservation-app/node_modules/esquery': '/Users/damionrashford/reservation-app/node_modules/.esquery-r8YBltCp',
81 silly reify   '/Users/damionrashford/reservation-app/node_modules/fast-deep-equal': '/Users/damionrashford/reservation-app/node_modules/.fast-deep-equal-lX6G15mQ',
81 silly reify   '/Users/damionrashford/reservation-app/node_modules/fast-json-stable-stringify': '/Users/damionrashford/reservation-app/node_modules/.fast-json-stable-stringify-9TNGPX11',
81 silly reify   '/Users/damionrashford/reservation-app/node_modules/fast-levenshtein': '/Users/damionrashford/reservation-app/node_modules/.fast-levenshtein-N0E7UssB',
81 silly reify   '/Users/damionrashford/reservation-app/node_modules/file-entry-cache': '/Users/damionrashford/reservation-app/node_modules/.file-entry-cache-YxFdtMlN',
81 silly reify   '/Users/damionrashford/reservation-app/node_modules/find-up': '/Users/damionrashford/reservation-app/node_modules/.find-up-4mfh797x',
81 silly reify   '/Users/damionrashford/reservation-app/node_modules/flat-cache': '/Users/damionrashford/reservation-app/node_modules/.flat-cache-CwLbUF0x',
81 silly reify   '/Users/damionrashford/reservation-app/node_modules/flatted': '/Users/damionrashford/reservation-app/node_modules/.flatted-9tH0ynxS',
81 silly reify   '/Users/damionrashford/reservation-app/node_modules/fs.realpath': '/Users/damionrashford/reservation-app/node_modules/.fs.realpath-IX63cMY8',
81 silly reify   '/Users/damionrashford/reservation-app/node_modules/glob': '/Users/damionrashford/reservation-app/node_modules/.glob-pz7T3nl9',
81 silly reify   '/Users/damionrashford/reservation-app/node_modules/glob-parent': '/Users/damionrashford/reservation-app/node_modules/.glob-parent-x6OWlbuv',
81 silly reify   '/Users/damionrashford/reservation-app/node_modules/globals': '/Users/damionrashford/reservation-app/node_modules/.globals-JNbJy2fQ',
81 silly reify   '/Users/damionrashford/reservation-app/node_modules/import-fresh': '/Users/damionrashford/reservation-app/node_modules/.import-fresh-u07WfqQb',
81 silly reify   '/Users/damionrashford/reservation-app/node_modules/imurmurhash': '/Users/damionrashford/reservation-app/node_modules/.imurmurhash-9VKgjn12',
81 silly reify   '/Users/damionrashford/reservation-app/node_modules/inflight': '/Users/damionrashford/reservation-app/node_modules/.inflight-itIAFX8P',
81 silly reify   '/Users/damionrashford/reservation-app/node_modules/is-path-inside': '/Users/damionrashford/reservation-app/node_modules/.is-path-inside-2LiEjGX6',
81 silly reify   '/Users/damionrashford/reservation-app/node_modules/isexe': '/Users/damionrashford/reservation-app/node_modules/.isexe-Wtb2dz79',
81 silly reify   '/Users/damionrashford/reservation-app/node_modules/js-yaml': '/Users/damionrashford/reservation-app/node_modules/.js-yaml-a34hNbBf',
81 silly reify   '/Users/damionrashford/reservation-app/node_modules/.bin/js-yaml': '/Users/damionrashford/reservation-app/node_modules/.bin/.js-yaml-3h4TBhRc',
81 silly reify   '/Users/damionrashford/reservation-app/node_modules/json-buffer': '/Users/damionrashford/reservation-app/node_modules/.json-buffer-60JO9MhK',
81 silly reify   '/Users/damionrashford/reservation-app/node_modules/json-schema-traverse': '/Users/damionrashford/reservation-app/node_modules/.json-schema-traverse-d1FzP60k',
81 silly reify   '/Users/damionrashford/reservation-app/node_modules/json-stable-stringify-without-jsonify': '/Users/damionrashford/reservation-app/node_modules/.json-stable-stringify-without-jsonify-u0c5kbqj',
81 silly reify   '/Users/damionrashford/reservation-app/node_modules/keyv': '/Users/damionrashford/reservation-app/node_modules/.keyv-3vE9thHv',
81 silly reify   '/Users/damionrashford/reservation-app/node_modules/levn': '/Users/damionrashford/reservation-app/node_modules/.levn-Lga5Oow9',
81 silly reify   '/Users/damionrashford/reservation-app/node_modules/locate-path': '/Users/damionrashford/reservation-app/node_modules/.locate-path-Mh4QFu3y',
81 silly reify   '/Users/damionrashford/reservation-app/node_modules/lodash.merge': '/Users/damionrashford/reservation-app/node_modules/.lodash.merge-XCbgLeY8',
81 silly reify   '/Users/damionrashford/reservation-app/node_modules/once': '/Users/damionrashford/reservation-app/node_modules/.once-lGdNbcSn',
81 silly reify   '/Users/damionrashford/reservation-app/node_modules/optionator': '/Users/damionrashford/reservation-app/node_modules/.optionator-FIdqt692',
81 silly reify   '/Users/damionrashford/reservation-app/node_modules/p-limit': '/Users/damionrashford/reservation-app/node_modules/.p-limit-HJpDWoOu',
81 silly reify   '/Users/damionrashford/reservation-app/node_modules/p-locate': '/Users/damionrashford/reservation-app/node_modules/.p-locate-wIV6t2pn',
81 silly reify   '/Users/damionrashford/reservation-app/node_modules/parent-module': '/Users/damionrashford/reservation-app/node_modules/.parent-module-q4XrNVs3',
81 silly reify   '/Users/damionrashford/reservation-app/node_modules/path-exists': '/Users/damionrashford/reservation-app/node_modules/.path-exists-2OQviLMr',
81 silly reify   '/Users/damionrashford/reservation-app/node_modules/path-is-absolute': '/Users/damionrashford/reservation-app/node_modules/.path-is-absolute-xMO0VTrK',
81 silly reify   '/Users/damionrashford/reservation-app/node_modules/path-key': '/Users/damionrashford/reservation-app/node_modules/.path-key-fLYVhqJd',
81 silly reify   '/Users/damionrashford/reservation-app/node_modules/prelude-ls': '/Users/damionrashford/reservation-app/node_modules/.prelude-ls-bfIIxbu6',
81 silly reify   '/Users/damionrashford/reservation-app/node_modules/punycode': '/Users/damionrashford/reservation-app/node_modules/.punycode-5uH4B76F',
81 silly reify   '/Users/damionrashford/reservation-app/node_modules/resolve-from': '/Users/damionrashford/reservation-app/node_modules/.resolve-from-L4URP6Vr',
81 silly reify   '/Users/damionrashford/reservation-app/node_modules/rimraf': '/Users/damionrashford/reservation-app/node_modules/.rimraf-rt6OCMsA',
81 silly reify   '/Users/damionrashford/reservation-app/node_modules/.bin/rimraf': '/Users/damionrashford/reservation-app/node_modules/.bin/.rimraf-ar7MqMub',
81 silly reify   '/Users/damionrashford/reservation-app/node_modules/shebang-command': '/Users/damionrashford/reservation-app/node_modules/.shebang-command-OSP6K1hl',
81 silly reify   '/Users/damionrashford/reservation-app/node_modules/shebang-regex': '/Users/damionrashford/reservation-app/node_modules/.shebang-regex-sx4nwkK3',
81 silly reify   '/Users/damionrashford/reservation-app/node_modules/strip-ansi': '/Users/damionrashford/reservation-app/node_modules/.strip-ansi-MCK3YULe',
81 silly reify   '/Users/damionrashford/reservation-app/node_modules/strip-json-comments': '/Users/damionrashford/reservation-app/node_modules/.strip-json-comments-FORBwjaY',
81 silly reify   '/Users/damionrashford/reservation-app/node_modules/text-table': '/Users/damionrashford/reservation-app/node_modules/.text-table-kOnF63bT',
81 silly reify   '/Users/damionrashford/reservation-app/node_modules/type-check': '/Users/damionrashford/reservation-app/node_modules/.type-check-Ti58i3xY',
81 silly reify   '/Users/damionrashford/reservation-app/node_modules/type-fest': '/Users/damionrashford/reservation-app/node_modules/.type-fest-DzWA2HFu',
81 silly reify   '/Users/damionrashford/reservation-app/node_modules/uri-js': '/Users/damionrashford/reservation-app/node_modules/.uri-js-RkipbsXw',
81 silly reify   '/Users/damionrashford/reservation-app/node_modules/which': '/Users/damionrashford/reservation-app/node_modules/.which-mq8EhePv',
81 silly reify   '/Users/damionrashford/reservation-app/node_modules/.bin/node-which': '/Users/damionrashford/reservation-app/node_modules/.bin/.node-which-93S4bSnG',
81 silly reify   '/Users/damionrashford/reservation-app/node_modules/word-wrap': '/Users/damionrashford/reservation-app/node_modules/.word-wrap-wkDG6gWb',
81 silly reify   '/Users/damionrashford/reservation-app/node_modules/wrappy': '/Users/damionrashford/reservation-app/node_modules/.wrappy-kMZ9xqhu',
81 silly reify   '/Users/damionrashford/reservation-app/node_modules/yocto-queue': '/Users/damionrashford/reservation-app/node_modules/.yocto-queue-G5TIKTFs'
81 silly reify }
82 silly audit bulk request {
82 silly audit   '@ampproject/remapping': [ '2.3.0' ],
82 silly audit   '@babel/code-frame': [ '7.24.7' ],
82 silly audit   '@babel/compat-data': [ '7.24.7' ],
82 silly audit   '@babel/core': [ '7.24.7' ],
82 silly audit   '@babel/eslint-parser': [ '7.24.7' ],
82 silly audit   'eslint-visitor-keys': [ '2.1.0', '1.3.0', '3.4.3' ],
82 silly audit   '@babel/generator': [ '7.24.7' ],
82 silly audit   jsesc: [ '2.5.2', '3.0.2' ],
82 silly audit   '@babel/helper-annotate-as-pure': [ '7.24.7' ],
82 silly audit   '@babel/helper-compilation-targets': [ '7.24.7' ],
82 silly audit   '@babel/helper-environment-visitor': [ '7.24.7' ],
82 silly audit   '@babel/helper-function-name': [ '7.24.7' ],
82 silly audit   '@babel/helper-hoist-variables': [ '7.24.7' ],
82 silly audit   '@babel/helper-module-imports': [ '7.24.7' ],
82 silly audit   '@babel/helper-module-transforms': [ '7.24.7' ],
82 silly audit   '@babel/helper-plugin-utils': [ '7.24.7' ],
82 silly audit   '@babel/helper-simple-access': [ '7.24.7' ],
82 silly audit   '@babel/helper-split-export-declaration': [ '7.24.7' ],
82 silly audit   '@babel/helper-string-parser': [ '7.24.7' ],
82 silly audit   '@babel/helper-validator-identifier': [ '7.24.7' ],
82 silly audit   '@babel/helper-validator-option': [ '7.24.7' ],
82 silly audit   '@babel/helpers': [ '7.24.7' ],
82 silly audit   '@babel/highlight': [ '7.24.7' ],
82 silly audit   'ansi-styles': [ '3.2.1', '4.3.0', '5.2.0' ],
82 silly audit   chalk: [ '2.4.2', '4.1.2' ],
82 silly audit   'color-convert': [ '1.9.3', '2.0.1' ],
82 silly audit   'color-name': [ '1.1.3', '1.1.4' ],
82 silly audit   'escape-string-regexp': [ '1.0.5' ],
82 silly audit   'has-flag': [ '3.0.0', '4.0.0' ],
82 silly audit   'supports-color': [ '5.5.0', '7.2.0' ],
82 silly audit   '@babel/parser': [ '7.24.7' ],
82 silly audit   '@babel/plugin-syntax-jsx': [ '7.24.7' ],
82 silly audit   '@babel/plugin-transform-react-display-name': [ '7.24.7' ],
82 silly audit   '@babel/plugin-transform-react-jsx': [ '7.24.7' ],
82 silly audit   '@babel/plugin-transform-react-jsx-development': [ '7.24.7' ],
82 silly audit   '@babel/plugin-transform-react-pure-annotations': [ '7.24.7' ],
82 silly audit   '@babel/preset-react': [ '7.24.7' ],
82 silly audit   '@babel/runtime': [ '7.24.7' ],
82 silly audit   '@babel/template': [ '7.24.7' ],
82 silly audit   '@babel/traverse': [ '7.24.7' ],
82 silly audit   globals: [ '11.12.0' ],
82 silly audit   '@babel/types': [ '7.24.7' ],
82 silly audit   '@esbuild/aix-ppc64': [ '0.21.5' ],
82 silly audit   '@esbuild/android-arm': [ '0.21.5' ],
82 silly audit   '@esbuild/android-arm64': [ '0.21.5' ],
82 silly audit   '@esbuild/android-x64': [ '0.21.5' ],
82 silly audit   '@esbuild/darwin-arm64': [ '0.21.5' ],
82 silly audit   '@esbuild/darwin-x64': [ '0.21.5' ],
82 silly audit   '@esbuild/freebsd-arm64': [ '0.21.5' ],
82 silly audit   '@esbuild/freebsd-x64': [ '0.21.5' ],
82 silly audit   '@esbuild/linux-arm': [ '0.21.5' ],
82 silly audit   '@esbuild/linux-arm64': [ '0.21.5' ],
82 silly audit   '@esbuild/linux-ia32': [ '0.21.5' ],
82 silly audit   '@esbuild/linux-loong64': [ '0.21.5' ],
82 silly audit   '@esbuild/linux-mips64el': [ '0.21.5' ],
82 silly audit   '@esbuild/linux-ppc64': [ '0.21.5' ],
82 silly audit   '@esbuild/linux-riscv64': [ '0.21.5' ],
82 silly audit   '@esbuild/linux-s390x': [ '0.21.5' ],
82 silly audit   '@esbuild/linux-x64': [ '0.21.5' ],
82 silly audit   '@esbuild/netbsd-x64': [ '0.21.5' ],
82 silly audit   '@esbuild/openbsd-x64': [ '0.21.5' ],
82 silly audit   '@esbuild/sunos-x64': [ '0.21.5' ],
82 silly audit   '@esbuild/win32-arm64': [ '0.21.5' ],
82 silly audit   '@esbuild/win32-ia32': [ '0.21.5' ],
82 silly audit   '@esbuild/win32-x64': [ '0.21.5' ],
82 silly audit   '@eslint-community/eslint-utils': [ '4.4.0' ],
82 silly audit   '@eslint-community/regexpp': [ '4.11.0' ],
82 silly audit   '@jridgewell/gen-mapping': [ '0.3.5' ],
82 silly audit   '@jridgewell/resolve-uri': [ '3.1.2' ],
82 silly audit   '@jridgewell/set-array': [ '1.2.1' ],
82 silly audit   '@jridgewell/sourcemap-codec': [ '1.4.15' ],
82 silly audit   '@jridgewell/trace-mapping': [ '0.3.25' ],
82 silly audit   '@nicolo-ribaudo/eslint-scope-5-internals': [ '5.1.1-v1' ],
82 silly audit   'eslint-scope': [ '5.1.1' ],
82 silly audit   estraverse: [ '4.3.0', '5.3.0' ],
82 silly audit   '@nodelib/fs.scandir': [ '2.1.5' ],
82 silly audit   '@nodelib/fs.stat': [ '2.0.5' ],
82 silly audit   '@nodelib/fs.walk': [ '1.2.8' ],
82 silly audit   '@pkgr/core': [ '0.1.1' ],
82 silly audit   '@remix-run/eslint-config': [ '2.10.2' ],
82 silly audit   '@typescript-eslint/eslint-plugin': [ '5.62.0', '7.15.0' ],
82 silly audit   '@typescript-eslint/parser': [ '5.62.0', '7.15.0' ],
82 silly audit   '@typescript-eslint/scope-manager': [ '5.62.0', '7.15.0' ],
82 silly audit   '@typescript-eslint/type-utils': [ '5.62.0', '7.15.0' ],
82 silly audit   '@typescript-eslint/types': [ '5.62.0', '7.15.0' ],
82 silly audit   '@typescript-eslint/typescript-estree': [ '5.62.0', '7.15.0' ],
82 silly audit   '@typescript-eslint/utils': [ '5.62.0', '7.15.0' ],
82 silly audit   '@typescript-eslint/visitor-keys': [ '5.62.0', '7.15.0' ],
82 silly audit   semver: [ '7.6.2', '6.3.1' ],
82 silly audit   '@remix-run/node': [ '1.6.0' ],
82 silly audit   '@remix-run/server-runtime': [ '1.6.0' ],
82 silly audit   '@types/cookie': [ '0.4.1' ],
82 silly audit   cookie: [ '0.4.2' ],
82 silly audit   '@remix-run/react': [ '1.6.0' ],
82 silly audit   '@remix-run/router': [ '1.17.1' ],
82 silly audit   '@remix-run/web-blob': [ '3.1.0' ],
82 silly audit   '@remix-run/web-fetch': [ '4.4.2' ],
82 silly audit   '@remix-run/web-file': [ '3.1.0' ],
82 silly audit   '@remix-run/web-form-data': [ '3.1.0' ],
82 silly audit   '@remix-run/web-stream': [ '1.1.0' ],
82 silly audit   '@rollup/rollup-android-arm-eabi': [ '4.18.0' ],
82 silly audit   '@rollup/rollup-android-arm64': [ '4.18.0' ],
82 silly audit   '@rollup/rollup-darwin-arm64': [ '4.18.0' ],
82 silly audit   '@rollup/rollup-darwin-x64': [ '4.18.0' ],
82 silly audit   '@rollup/rollup-linux-arm-gnueabihf': [ '4.18.0' ],
82 silly audit   '@rollup/rollup-linux-arm-musleabihf': [ '4.18.0' ],
82 silly audit   '@rollup/rollup-linux-arm64-gnu': [ '4.18.0' ],
82 silly audit   '@rollup/rollup-linux-arm64-musl': [ '4.18.0' ],
82 silly audit   '@rollup/rollup-linux-powerpc64le-gnu': [ '4.18.0' ],
82 silly audit   '@rollup/rollup-linux-riscv64-gnu': [ '4.18.0' ],
82 silly audit   '@rollup/rollup-linux-s390x-gnu': [ '4.18.0' ],
82 silly audit   '@rollup/rollup-linux-x64-gnu': [ '4.18.0' ],
82 silly audit   '@rollup/rollup-linux-x64-musl': [ '4.18.0' ],
82 silly audit   '@rollup/rollup-win32-arm64-msvc': [ '4.18.0' ],
82 silly audit   '@rollup/rollup-win32-ia32-msvc': [ '4.18.0' ],
82 silly audit   '@rollup/rollup-win32-x64-msvc': [ '4.18.0' ],
82 silly audit   '@rushstack/eslint-patch': [ '1.10.3' ],
82 silly audit   '@shopify/app-bridge': [ '3.7.10', '2.3.1' ],
82 silly audit   '@shopify/app-bridge-core': [ '1.1.1' ],
82 silly audit   '@shopify/app-bridge-react': [ '2.3.1' ],
82 silly audit   '@shopify/app-bridge-utils': [ '3.5.1' ],
82 silly audit   '@shopify/polaris': [ '9.24.0' ],
82 silly audit   '@shopify/polaris-icons': [ '5.4.0' ],
82 silly audit   '@shopify/polaris-tokens': [ '5.5.2' ],
82 silly audit   '@testing-library/dom': [ '8.20.1' ],
82 silly audit   '@types/aria-query': [ '5.0.4' ],
82 silly audit   '@types/estree': [ '1.0.5' ],
82 silly audit   '@types/json-schema': [ '7.0.15' ],
82 silly audit   '@types/json5': [ '0.0.29' ],
82 silly audit   '@types/node': [ '18.19.39' ],
82 silly audit   '@types/prop-types': [ '15.7.12' ],
82 silly audit   '@types/react': [ '18.3.3', '17.0.80' ],
82 silly audit   '@types/react-dom': [ '17.0.25' ],
82 silly audit   '@types/react-transition-group': [ '4.4.10' ],
82 silly audit   '@types/scheduler': [ '0.16.8' ],
82 silly audit   '@types/semver': [ '7.5.8' ],
82 silly audit   'brace-expansion': [ '2.0.1', '1.1.11' ],
82 silly audit   minimatch: [ '9.0.5', '3.1.2' ],
82 silly audit   '@web3-storage/multipart-parser': [ '1.0.0' ],
82 silly audit   '@zxing/text-encoding': [ '0.9.0' ],
82 silly audit   'abort-controller': [ '3.0.0' ],
82 silly audit   'ansi-regex': [ '5.0.1' ],
82 silly audit   'aria-query': [ '5.1.3' ],
82 silly audit   'array-buffer-byte-length': [ '1.0.1' ],
82 silly audit   'array-includes': [ '3.1.8' ],
82 silly audit   'array-union': [ '2.1.0' ],
82 silly audit   'array.prototype.findlast': [ '1.2.5' ],
82 silly audit   'array.prototype.findlastindex': [ '1.2.5' ],
82 silly audit   'array.prototype.flat': [ '1.3.2' ],
82 silly audit   'array.prototype.flatmap': [ '1.3.2' ],
82 silly audit   'array.prototype.toreversed': [ '1.1.2' ],
82 silly audit   'array.prototype.tosorted': [ '1.1.4' ],
82 silly audit   'arraybuffer.prototype.slice': [ '1.0.3' ],
82 silly audit   'ast-types-flow': [ '0.0.8' ],
82 silly audit   'available-typed-arrays': [ '1.0.7' ],
82 silly audit   'axe-core': [ '4.9.1' ],
82 silly audit   'axobject-query': [ '3.1.1' ],
82 silly audit   'balanced-match': [ '1.0.2' ],
82 silly audit   base64url: [ '3.0.1' ],
82 silly audit   braces: [ '3.0.3' ],
82 silly audit   browserslist: [ '4.23.1' ],
82 silly audit   'buffer-from': [ '1.1.2' ],
82 silly audit   'call-bind': [ '1.0.7' ],
82 silly audit   'caniuse-lite': [ '1.0.30001640' ],
82 silly audit   'concat-map': [ '0.0.1' ],
82 silly audit   'convert-source-map': [ '2.0.0' ],
82 silly audit   'cookie-signature': [ '1.2.1' ],
82 silly audit   csstype: [ '3.1.3' ],
82 silly audit   'damerau-levenshtein': [ '1.0.8' ],
82 silly audit   'data-uri-to-buffer': [ '3.0.1' ],
82 silly audit   'data-view-buffer': [ '1.0.1' ],
82 silly audit   'data-view-byte-length': [ '1.0.1' ],
82 silly audit   'data-view-byte-offset': [ '1.0.0' ],
82 silly audit   debug: [ '4.3.5', '3.2.7' ],
82 silly audit   'deep-equal': [ '2.2.3' ],
82 silly audit   'define-data-property': [ '1.1.4' ],
82 silly audit   'define-properties': [ '1.2.1' ],
82 silly audit   'dir-glob': [ '3.0.1' ],
82 silly audit   doctrine: [ '2.1.0' ],
82 silly audit   'dom-accessibility-api': [ '0.5.16' ],
82 silly audit   'dom-helpers': [ '5.2.1' ],
82 silly audit   'electron-to-chromium': [ '1.4.818' ],
82 silly audit   'emoji-regex': [ '9.2.2' ],
82 silly audit   'enhanced-resolve': [ '5.17.0' ],
82 silly audit   'es-abstract': [ '1.23.3' ],
82 silly audit   'es-define-property': [ '1.0.0' ],
82 silly audit   'es-errors': [ '1.3.0' ],
82 silly audit   'es-get-iterator': [ '1.1.3' ],
82 silly audit   'es-iterator-helpers': [ '1.0.19' ],
82 silly audit   'es-object-atoms': [ '1.0.0' ],
82 silly audit   'es-set-tostringtag': [ '2.0.3' ],
82 silly audit   'es-shim-unscopables': [ '1.0.2' ],
82 silly audit   'es-to-primitive': [ '1.2.1' ],
82 silly audit   esbuild: [ '0.21.5' ],
82 silly audit   escalade: [ '3.1.2' ],
82 silly audit   'eslint-config-prettier': [ '9.1.0' ],
82 silly audit   'eslint-import-resolver-node': [ '0.3.7', '0.3.9' ],
82 silly audit   'eslint-import-resolver-typescript': [ '3.6.1' ],
82 silly audit   'eslint-module-utils': [ '2.8.1' ],
82 silly audit   'eslint-plugin-es': [ '3.0.1' ],
82 silly audit   'eslint-plugin-import': [ '2.29.1' ],
82 silly audit   json5: [ '1.0.2', '2.2.3' ],
82 silly audit   'tsconfig-paths': [ '3.15.0' ],
82 silly audit   'eslint-plugin-jest': [ '26.9.0' ],
82 silly audit   'eslint-plugin-jest-dom': [ '4.0.3' ],
82 silly audit   'eslint-plugin-jsx-a11y': [ '6.9.0' ],
82 silly audit   'eslint-plugin-node': [ '11.1.0' ],
82 silly audit   'eslint-plugin-prettier': [ '5.1.3' ],
82 silly audit   'eslint-plugin-react': [ '7.34.3' ],
82 silly audit   'eslint-plugin-react-hooks': [ '4.6.2' ],
82 silly audit   resolve: [ '2.0.0-next.5', '1.22.8' ],
82 silly audit   'eslint-plugin-testing-library': [ '5.11.1' ],
82 silly audit   'eslint-utils': [ '2.1.0' ],
82 silly audit   esrecurse: [ '4.3.0' ],
82 silly audit   esutils: [ '2.0.3' ],
82 silly audit   'event-target-shim': [ '5.0.1' ],
82 silly audit   'fast-diff': [ '1.3.0' ],
82 silly audit   'fast-glob': [ '3.3.2' ],
82 silly audit   'glob-parent': [ '5.1.2' ],
82 silly audit   fastq: [ '1.17.1' ],
82 silly audit   'fill-range': [ '7.1.1' ],
82 silly audit   'for-each': [ '0.3.3' ],
82 silly audit   fsevents: [ '2.3.3' ],
82 silly audit   'function-bind': [ '1.1.2' ],
82 silly audit   'function.prototype.name': [ '1.1.6' ],
82 silly audit   'functions-have-names': [ '1.2.3' ],
82 silly audit   gensync: [ '1.0.0-beta.2' ],
82 silly audit   'get-intrinsic': [ '1.2.4' ],
82 silly audit   'get-symbol-description': [ '1.0.2' ],
82 silly audit   'get-tsconfig': [ '4.7.5' ],
82 silly audit   globalthis: [ '1.0.4' ],
82 silly audit   globby: [ '11.1.0' ],
82 silly audit   gopd: [ '1.0.1' ],
82 silly audit   'graceful-fs': [ '4.2.11' ],
82 silly audit   graphemer: [ '1.4.0' ],
82 silly audit   'has-bigints': [ '1.0.2' ],
82 silly audit   'has-property-descriptors': [ '1.0.2' ],
82 silly audit   'has-proto': [ '1.0.3' ],
82 silly audit   'has-symbols': [ '1.0.3' ],
82 silly audit   'has-tostringtag': [ '1.0.2' ],
82 silly audit   hasown: [ '2.0.2' ],
82 silly audit   history: [ '5.3.0' ],
82 silly audit   ignore: [ '5.3.1' ],
82 silly audit   inherits: [ '2.0.4' ],
82 silly audit   'internal-slot': [ '1.0.7' ],
82 silly audit   'is-arguments': [ '1.1.1' ],
82 silly audit   'is-array-buffer': [ '3.0.4' ],
82 silly audit   'is-async-function': [ '2.0.0' ],
82 silly audit   'is-bigint': [ '1.0.4' ],
82 silly audit   'is-boolean-object': [ '1.1.2' ],
82 silly audit   'is-callable': [ '1.2.7' ],
82 silly audit   'is-core-module': [ '2.14.0' ],
82 silly audit   'is-data-view': [ '1.0.1' ],
82 silly audit   'is-date-object': [ '1.0.5' ],
82 silly audit   'is-extglob': [ '2.1.1' ],
82 silly audit   'is-finalizationregistry': [ '1.0.2' ],
82 silly audit   'is-generator-function': [ '1.0.10' ],
82 silly audit   'is-glob': [ '4.0.3' ],
82 silly audit   'is-map': [ '2.0.3' ],
82 silly audit   'is-negative-zero': [ '2.0.3' ],
82 silly audit   'is-number': [ '7.0.0' ],
82 silly audit   'is-number-object': [ '1.0.7' ],
82 silly audit   'is-regex': [ '1.1.4' ],
82 silly audit   'is-set': [ '2.0.3' ],
82 silly audit   'is-shared-array-buffer': [ '1.0.3' ],
82 silly audit   'is-string': [ '1.0.7' ],
82 silly audit   'is-symbol': [ '1.0.4' ],
82 silly audit   'is-typed-array': [ '1.1.13' ],
82 silly audit   'is-weakmap': [ '2.0.2' ],
82 silly audit   'is-weakref': [ '1.0.2' ],
82 silly audit   'is-weakset': [ '2.0.3' ],
82 silly audit   isarray: [ '2.0.5' ],
82 silly audit   'iterator.prototype': [ '1.1.2' ],
82 silly audit   'js-tokens': [ '4.0.0' ],
82 silly audit   'jsx-ast-utils': [ '3.3.5' ],
82 silly audit   'language-subtag-registry': [ '0.3.23' ],
82 silly audit   'language-tags': [ '1.0.9' ],
82 silly audit   'loose-envify': [ '1.4.0' ],
82 silly audit   'lru-cache': [ '5.1.1' ],
82 silly audit   'lz-string': [ '1.5.0' ],
82 silly audit   merge2: [ '1.4.1' ],
82 silly audit   micromatch: [ '4.0.7' ],
82 silly audit   minimist: [ '1.2.8' ],
82 silly audit   mrmime: [ '1.0.1' ],
82 silly audit   ms: [ '2.1.2' ],
82 silly audit   nanoid: [ '3.3.7' ],
82 silly audit   'natural-compare': [ '1.4.0' ],
82 silly audit   'natural-compare-lite': [ '1.4.0' ],
82 silly audit   'node-releases': [ '2.0.14' ],
82 silly audit   'object-assign': [ '4.1.1' ],
82 silly audit   'object-inspect': [ '1.13.2' ],
82 silly audit   'object-is': [ '1.1.6' ],
82 silly audit   'object-keys': [ '1.1.1' ],
82 silly audit   'object.assign': [ '4.1.5' ],
82 silly audit   'object.entries': [ '1.1.8' ],
82 silly audit   'object.fromentries': [ '2.0.8' ],
82 silly audit   'object.groupby': [ '1.0.3' ],
82 silly audit   'object.hasown': [ '1.1.4' ],
82 silly audit   'object.values': [ '1.2.0' ],
82 silly audit   'path-parse': [ '1.0.7' ],
82 silly audit   'path-type': [ '4.0.0' ],
82 silly audit   picocolors: [ '1.0.1' ],
82 silly audit   picomatch: [ '2.3.1' ],
82 silly audit   'possible-typed-array-names': [ '1.0.0' ],
82 silly audit   postcss: [ '8.4.39' ],
82 silly audit   prettier: [ '3.3.2' ],
82 silly audit   'prettier-linter-helpers': [ '1.0.0' ],
82 silly audit   'pretty-format': [ '27.5.1' ],
82 silly audit   'prop-types': [ '15.8.1' ],
82 silly audit   'react-is': [ '16.13.1', '17.0.2' ],
82 silly audit   'queue-microtask': [ '1.2.3' ],
82 silly audit   react: [ '17.0.2' ],
82 silly audit   'react-dom': [ '17.0.2' ],
82 silly audit   'react-fast-compare': [ '3.2.2' ],
82 silly audit   'react-router': [ '6.24.1' ],
82 silly audit   'react-router-dom': [ '6.24.1' ],
82 silly audit   'react-transition-group': [ '4.4.5' ],
82 silly audit   'reflect.getprototypeof': [ '1.0.6' ],
82 silly audit   'regenerator-runtime': [ '0.14.1' ],
82 silly audit   'regexp.prototype.flags': [ '1.5.2' ],
82 silly audit   regexpp: [ '3.2.0' ],
82 silly audit   requireindex: [ '1.2.0' ],
82 silly audit   'resolve-pkg-maps': [ '1.0.0' ],
82 silly audit   reusify: [ '1.0.4' ],
82 silly audit   rollup: [ '4.18.0' ],
82 silly audit   'run-parallel': [ '1.2.0' ],
82 silly audit   'safe-array-concat': [ '1.1.2' ],
82 silly audit   'safe-regex-test': [ '1.0.3' ],
82 silly audit   scheduler: [ '0.20.2' ],
82 silly audit   'set-cookie-parser': [ '2.6.0' ],
82 silly audit   'set-function-length': [ '1.2.2' ],
82 silly audit   'set-function-name': [ '2.0.2' ],
82 silly audit   'side-channel': [ '1.0.6' ],
82 silly audit   slash: [ '3.0.0' ],
82 silly audit   'source-map': [ '0.7.4', '0.6.1' ],
82 silly audit   'source-map-js': [ '1.2.0' ],
82 silly audit   'source-map-support': [ '0.5.21' ],
82 silly audit   'stop-iteration-iterator': [ '1.0.0' ],
82 silly audit   'stream-slice': [ '0.1.2' ],
82 silly audit   'string.prototype.includes': [ '2.0.0' ],
82 silly audit   'string.prototype.matchall': [ '4.0.11' ],
82 silly audit   'string.prototype.trim': [ '1.2.9' ],
82 silly audit   'string.prototype.trimend': [ '1.0.8' ],
82 silly audit   'string.prototype.trimstart': [ '1.0.8' ],
82 silly audit   'strip-bom': [ '3.0.0' ],
82 silly audit   'supports-preserve-symlinks-flag': [ '1.0.0' ],
82 silly audit   synckit: [ '0.8.8' ],
82 silly audit   tapable: [ '2.2.1' ],
82 silly audit   'to-fast-properties': [ '2.0.0' ],
82 silly audit   'to-regex-range': [ '5.0.1' ],
82 silly audit   'ts-api-utils': [ '1.3.0' ],
82 silly audit   tslib: [ '2.6.3', '1.14.1' ],
82 silly audit   tsutils: [ '3.21.0' ],
82 silly audit   'typed-array-buffer': [ '1.0.2' ],
82 silly audit   'typed-array-byte-length': [ '1.0.1' ],
82 silly audit   'typed-array-byte-offset': [ '1.0.2' ],
82 silly audit   'typed-array-length': [ '1.0.6' ],
82 silly audit   typescript: [ '5.1.6' ],
82 silly audit   'unbox-primitive': [ '1.0.2' ],
82 silly audit   'undici-types': [ '5.26.5' ],
82 silly audit   'update-browserslist-db': [ '1.1.0' ],
82 silly audit   util: [ '0.12.5' ],
82 silly audit   vite: [ '5.3.3' ],
82 silly audit   'web-encoding': [ '1.1.5' ],
82 silly audit   'web-streams-polyfill': [ '3.3.3' ],
82 silly audit   'web-vitals': [ '3.5.2' ],
82 silly audit   'which-boxed-primitive': [ '1.0.2' ],
82 silly audit   'which-builtin-type': [ '1.1.3' ],
82 silly audit   'which-collection': [ '1.0.2' ],
82 silly audit   'which-typed-array': [ '1.1.15' ],
82 silly audit   yallist: [ '3.1.1' ]
82 silly audit }
83 verbose reify failed optional dependency /Users/damionrashford/reservation-app/node_modules/@rollup/rollup-win32-x64-msvc
84 silly reify mark deleted [
84 silly reify   '/Users/damionrashford/reservation-app/node_modules/@rollup/rollup-win32-x64-msvc'
84 silly reify ]
85 verbose reify failed optional dependency /Users/damionrashford/reservation-app/node_modules/@rollup/rollup-win32-ia32-msvc
86 silly reify mark deleted [
86 silly reify   '/Users/damionrashford/reservation-app/node_modules/@rollup/rollup-win32-ia32-msvc'
86 silly reify ]
87 verbose reify failed optional dependency /Users/damionrashford/reservation-app/node_modules/@rollup/rollup-win32-arm64-msvc
88 silly reify mark deleted [
88 silly reify   '/Users/damionrashford/reservation-app/node_modules/@rollup/rollup-win32-arm64-msvc'
88 silly reify ]
89 verbose reify failed optional dependency /Users/damionrashford/reservation-app/node_modules/@rollup/rollup-linux-x64-musl
90 silly reify mark deleted [
90 silly reify   '/Users/damionrashford/reservation-app/node_modules/@rollup/rollup-linux-x64-musl'
90 silly reify ]
91 verbose reify failed optional dependency /Users/damionrashford/reservation-app/node_modules/@rollup/rollup-linux-x64-gnu
92 silly reify mark deleted [
92 silly reify   '/Users/damionrashford/reservation-app/node_modules/@rollup/rollup-linux-x64-gnu'
92 silly reify ]
93 verbose reify failed optional dependency /Users/damionrashford/reservation-app/node_modules/@rollup/rollup-linux-s390x-gnu
94 silly reify mark deleted [
94 silly reify   '/Users/damionrashford/reservation-app/node_modules/@rollup/rollup-linux-s390x-gnu'
94 silly reify ]
95 verbose reify failed optional dependency /Users/damionrashford/reservation-app/node_modules/@rollup/rollup-linux-riscv64-gnu
96 silly reify mark deleted [
96 silly reify   '/Users/damionrashford/reservation-app/node_modules/@rollup/rollup-linux-riscv64-gnu'
96 silly reify ]
97 verbose reify failed optional dependency /Users/damionrashford/reservation-app/node_modules/@rollup/rollup-linux-powerpc64le-gnu
98 silly reify mark deleted [
98 silly reify   '/Users/damionrashford/reservation-app/node_modules/@rollup/rollup-linux-powerpc64le-gnu'
98 silly reify ]
99 verbose reify failed optional dependency /Users/damionrashford/reservation-app/node_modules/@rollup/rollup-linux-arm64-musl
100 silly reify mark deleted [
100 silly reify   '/Users/damionrashford/reservation-app/node_modules/@rollup/rollup-linux-arm64-musl'
100 silly reify ]
101 verbose reify failed optional dependency /Users/damionrashford/reservation-app/node_modules/@rollup/rollup-linux-arm64-gnu
102 silly reify mark deleted [
102 silly reify   '/Users/damionrashford/reservation-app/node_modules/@rollup/rollup-linux-arm64-gnu'
102 silly reify ]
103 verbose reify failed optional dependency /Users/damionrashford/reservation-app/node_modules/@rollup/rollup-linux-arm-musleabihf
104 silly reify mark deleted [
104 silly reify   '/Users/damionrashford/reservation-app/node_modules/@rollup/rollup-linux-arm-musleabihf'
104 silly reify ]
105 verbose reify failed optional dependency /Users/damionrashford/reservation-app/node_modules/@rollup/rollup-linux-arm-gnueabihf
106 silly reify mark deleted [
106 silly reify   '/Users/damionrashford/reservation-app/node_modules/@rollup/rollup-linux-arm-gnueabihf'
106 silly reify ]
107 verbose reify failed optional dependency /Users/damionrashford/reservation-app/node_modules/@rollup/rollup-darwin-x64
108 silly reify mark deleted [
108 silly reify   '/Users/damionrashford/reservation-app/node_modules/@rollup/rollup-darwin-x64'
108 silly reify ]
109 verbose reify failed optional dependency /Users/damionrashford/reservation-app/node_modules/@rollup/rollup-android-arm64
110 silly reify mark deleted [
110 silly reify   '/Users/damionrashford/reservation-app/node_modules/@rollup/rollup-android-arm64'
110 silly reify ]
111 verbose reify failed optional dependency /Users/damionrashford/reservation-app/node_modules/@rollup/rollup-android-arm-eabi
112 silly reify mark deleted [
112 silly reify   '/Users/damionrashford/reservation-app/node_modules/@rollup/rollup-android-arm-eabi'
112 silly reify ]
113 verbose reify failed optional dependency /Users/damionrashford/reservation-app/node_modules/@esbuild/win32-x64
114 silly reify mark deleted [
114 silly reify   '/Users/damionrashford/reservation-app/node_modules/@esbuild/win32-x64'
114 silly reify ]
115 verbose reify failed optional dependency /Users/damionrashford/reservation-app/node_modules/@esbuild/win32-ia32
116 silly reify mark deleted [
116 silly reify   '/Users/damionrashford/reservation-app/node_modules/@esbuild/win32-ia32'
116 silly reify ]
117 verbose reify failed optional dependency /Users/damionrashford/reservation-app/node_modules/@esbuild/win32-arm64
118 silly reify mark deleted [
118 silly reify   '/Users/damionrashford/reservation-app/node_modules/@esbuild/win32-arm64'
118 silly reify ]
119 verbose reify failed optional dependency /Users/damionrashford/reservation-app/node_modules/@esbuild/sunos-x64
120 silly reify mark deleted [
120 silly reify   '/Users/damionrashford/reservation-app/node_modules/@esbuild/sunos-x64'
120 silly reify ]
121 verbose reify failed optional dependency /Users/damionrashford/reservation-app/node_modules/@esbuild/openbsd-x64
122 silly reify mark deleted [
122 silly reify   '/Users/damionrashford/reservation-app/node_modules/@esbuild/openbsd-x64'
122 silly reify ]
123 verbose reify failed optional dependency /Users/damionrashford/reservation-app/node_modules/@esbuild/netbsd-x64
124 silly reify mark deleted [
124 silly reify   '/Users/damionrashford/reservation-app/node_modules/@esbuild/netbsd-x64'
124 silly reify ]
125 verbose reify failed optional dependency /Users/damionrashford/reservation-app/node_modules/@esbuild/linux-x64
126 silly reify mark deleted [
126 silly reify   '/Users/damionrashford/reservation-app/node_modules/@esbuild/linux-x64'
126 silly reify ]
127 verbose reify failed optional dependency /Users/damionrashford/reservation-app/node_modules/@esbuild/linux-s390x
128 silly reify mark deleted [
128 silly reify   '/Users/damionrashford/reservation-app/node_modules/@esbuild/linux-s390x'
128 silly reify ]
129 verbose reify failed optional dependency /Users/damionrashford/reservation-app/node_modules/@esbuild/linux-riscv64
130 silly reify mark deleted [
130 silly reify   '/Users/damionrashford/reservation-app/node_modules/@esbuild/linux-riscv64'
130 silly reify ]
131 verbose reify failed optional dependency /Users/damionrashford/reservation-app/node_modules/@esbuild/linux-ppc64
132 silly reify mark deleted [
132 silly reify   '/Users/damionrashford/reservation-app/node_modules/@esbuild/linux-ppc64'
132 silly reify ]
133 verbose reify failed optional dependency /Users/damionrashford/reservation-app/node_modules/@esbuild/linux-mips64el
134 silly reify mark deleted [
134 silly reify   '/Users/damionrashford/reservation-app/node_modules/@esbuild/linux-mips64el'
134 silly reify ]
135 verbose reify failed optional dependency /Users/damionrashford/reservation-app/node_modules/@esbuild/linux-loong64
136 silly reify mark deleted [
136 silly reify   '/Users/damionrashford/reservation-app/node_modules/@esbuild/linux-loong64'
136 silly reify ]
137 verbose reify failed optional dependency /Users/damionrashford/reservation-app/node_modules/@esbuild/linux-ia32
138 silly reify mark deleted [
138 silly reify   '/Users/damionrashford/reservation-app/node_modules/@esbuild/linux-ia32'
138 silly reify ]
139 verbose reify failed optional dependency /Users/damionrashford/reservation-app/node_modules/@esbuild/linux-arm64
140 silly reify mark deleted [
140 silly reify   '/Users/damionrashford/reservation-app/node_modules/@esbuild/linux-arm64'
140 silly reify ]
141 verbose reify failed optional dependency /Users/damionrashford/reservation-app/node_modules/@esbuild/linux-arm
142 silly reify mark deleted [
142 silly reify   '/Users/damionrashford/reservation-app/node_modules/@esbuild/linux-arm'
142 silly reify ]
143 verbose reify failed optional dependency /Users/damionrashford/reservation-app/node_modules/@esbuild/freebsd-x64
144 silly reify mark deleted [
144 silly reify   '/Users/damionrashford/reservation-app/node_modules/@esbuild/freebsd-x64'
144 silly reify ]
145 verbose reify failed optional dependency /Users/damionrashford/reservation-app/node_modules/@esbuild/freebsd-arm64
146 silly reify mark deleted [
146 silly reify   '/Users/damionrashford/reservation-app/node_modules/@esbuild/freebsd-arm64'
146 silly reify ]
147 verbose reify failed optional dependency /Users/damionrashford/reservation-app/node_modules/@esbuild/darwin-x64
148 silly reify mark deleted [
148 silly reify   '/Users/damionrashford/reservation-app/node_modules/@esbuild/darwin-x64'
148 silly reify ]
149 verbose reify failed optional dependency /Users/damionrashford/reservation-app/node_modules/@esbuild/android-x64
150 silly reify mark deleted [
150 silly reify   '/Users/damionrashford/reservation-app/node_modules/@esbuild/android-x64'
150 silly reify ]
151 verbose reify failed optional dependency /Users/damionrashford/reservation-app/node_modules/@esbuild/android-arm64
152 silly reify mark deleted [
152 silly reify   '/Users/damionrashford/reservation-app/node_modules/@esbuild/android-arm64'
152 silly reify ]
153 verbose reify failed optional dependency /Users/damionrashford/reservation-app/node_modules/@esbuild/android-arm
154 silly reify mark deleted [
154 silly reify   '/Users/damionrashford/reservation-app/node_modules/@esbuild/android-arm'
154 silly reify ]
155 verbose reify failed optional dependency /Users/damionrashford/reservation-app/node_modules/@esbuild/aix-ppc64
156 silly reify mark deleted [
156 silly reify   '/Users/damionrashford/reservation-app/node_modules/@esbuild/aix-ppc64'
156 silly reify ]
157 http fetch POST 200 https://registry.npmjs.org/-/npm/v1/security/advisories/bulk 211ms
158 silly audit report {}
159 silly ADD
160 silly ADD
161 silly ADD
162 silly ADD
163 silly ADD
164 silly ADD
165 silly ADD
166 silly ADD
167 silly ADD
168 silly ADD
169 silly ADD
170 silly ADD
171 silly ADD
172 silly ADD
173 silly ADD
174 silly ADD
175 silly ADD
176 silly ADD
177 silly ADD
178 silly ADD
179 silly ADD
180 silly ADD
181 silly ADD
182 silly ADD
183 silly ADD
184 silly ADD
185 silly ADD
186 silly ADD
187 silly ADD
188 silly ADD
189 silly ADD
190 silly ADD
191 silly ADD
192 silly ADD
193 silly ADD
194 silly ADD
195 silly ADD
196 silly REMOVE node_modules/yocto-queue
197 silly REMOVE node_modules/wrappy
198 silly REMOVE node_modules/word-wrap
199 silly REMOVE node_modules/which
200 silly REMOVE node_modules/uri-js
201 silly REMOVE node_modules/type-fest
202 silly REMOVE node_modules/type-check
203 silly REMOVE node_modules/text-table
204 silly REMOVE node_modules/strip-json-comments
205 silly REMOVE node_modules/strip-ansi
206 silly REMOVE node_modules/shebang-regex
207 silly REMOVE node_modules/shebang-command
208 silly REMOVE node_modules/rimraf
209 silly REMOVE node_modules/resolve-from
210 silly REMOVE node_modules/punycode
211 silly REMOVE node_modules/prelude-ls
212 silly REMOVE node_modules/path-key
213 silly REMOVE node_modules/path-is-absolute
214 silly REMOVE node_modules/path-exists
215 silly REMOVE node_modules/parent-module
216 silly REMOVE node_modules/p-locate
217 silly REMOVE node_modules/p-limit
218 silly REMOVE node_modules/optionator
219 silly REMOVE node_modules/once
220 silly REMOVE node_modules/lodash.merge
221 silly REMOVE node_modules/locate-path
222 silly REMOVE node_modules/levn
223 silly REMOVE node_modules/keyv
224 silly REMOVE node_modules/json-stable-stringify-without-jsonify
225 silly REMOVE node_modules/json-schema-traverse
226 silly REMOVE node_modules/json-buffer
227 silly REMOVE node_modules/js-yaml
228 silly REMOVE node_modules/isexe
229 silly REMOVE node_modules/is-path-inside
230 silly REMOVE node_modules/inflight
231 silly REMOVE node_modules/imurmurhash
232 silly REMOVE node_modules/import-fresh
233 silly REMOVE node_modules/globals
234 silly REMOVE node_modules/glob-parent
235 silly REMOVE node_modules/glob
236 silly REMOVE node_modules/fs.realpath
237 silly REMOVE node_modules/flatted
238 silly REMOVE node_modules/flat-cache
239 silly REMOVE node_modules/find-up
240 silly REMOVE node_modules/file-entry-cache
241 silly REMOVE node_modules/fast-levenshtein
242 silly REMOVE node_modules/fast-json-stable-stringify
243 silly REMOVE node_modules/fast-deep-equal
244 silly REMOVE node_modules/esquery
245 silly REMOVE node_modules/espree
246 silly REMOVE node_modules/eslint-scope
247 silly REMOVE node_modules/eslint
248 silly REMOVE node_modules/escape-string-regexp
249 silly REMOVE node_modules/doctrine
250 silly REMOVE node_modules/deep-is
251 silly REMOVE node_modules/cross-spawn
252 silly REMOVE node_modules/callsites
253 silly REMOVE node_modules/argparse
254 silly REMOVE node_modules/ajv
255 silly REMOVE node_modules/acorn-jsx
256 silly REMOVE node_modules/acorn
257 silly REMOVE node_modules/@ungap/structured-clone
258 silly REMOVE node_modules/@humanwhocodes/object-schema
259 silly REMOVE node_modules/@humanwhocodes/module-importer
260 silly REMOVE node_modules/@humanwhocodes/config-array
261 silly REMOVE node_modules/@eslint/js
262 silly REMOVE node_modules/@eslint/eslintrc
263 verbose exit 0
264 info ok
