0 verbose cli /opt/homebrew/Cellar/node/22.2.0/bin/node /opt/homebrew/bin/npm
1 info using npm@10.7.0
2 info using node@v22.2.0
3 silly config:load:file:/opt/homebrew/lib/node_modules/npm/npmrc
4 silly config:load:file:/Users/damionrashford/reservation-app/.npmrc
5 silly config:load:file:/Users/damionrashford/.npmrc
6 silly config:load:file:/opt/homebrew/etc/npmrc
7 verbose title npm install
8 verbose argv "install" "--legacy-peer-deps"
9 verbose logfile logs-max:10 dir:/Users/damionrashford/.npm/_logs/2024-07-07T03_53_03_232Z-
10 verbose logfile /Users/damionrashford/.npm/_logs/2024-07-07T03_53_03_232Z-debug-0.log
11 silly logfile start cleaning logs, removing 1 files
12 silly logfile done cleaning log files
13 silly idealTree buildDeps
14 silly reify moves {}
15 silly audit bulk request {
15 silly audit   '@ampproject/remapping': [ '2.3.0' ],
15 silly audit   '@babel/code-frame': [ '7.24.7' ],
15 silly audit   '@babel/compat-data': [ '7.24.7' ],
15 silly audit   '@babel/core': [ '7.24.7' ],
15 silly audit   '@babel/eslint-parser': [ '7.24.7' ],
15 silly audit   'eslint-visitor-keys': [ '2.1.0', '1.3.0', '3.4.3' ],
15 silly audit   '@babel/generator': [ '7.24.7' ],
15 silly audit   jsesc: [ '2.5.2', '3.0.2' ],
15 silly audit   '@babel/helper-annotate-as-pure': [ '7.24.7' ],
15 silly audit   '@babel/helper-compilation-targets': [ '7.24.7' ],
15 silly audit   '@babel/helper-environment-visitor': [ '7.24.7' ],
15 silly audit   '@babel/helper-function-name': [ '7.24.7' ],
15 silly audit   '@babel/helper-hoist-variables': [ '7.24.7' ],
15 silly audit   '@babel/helper-module-imports': [ '7.24.7' ],
15 silly audit   '@babel/helper-module-transforms': [ '7.24.7' ],
15 silly audit   '@babel/helper-plugin-utils': [ '7.24.7' ],
15 silly audit   '@babel/helper-simple-access': [ '7.24.7' ],
15 silly audit   '@babel/helper-split-export-declaration': [ '7.24.7' ],
15 silly audit   '@babel/helper-string-parser': [ '7.24.7' ],
15 silly audit   '@babel/helper-validator-identifier': [ '7.24.7' ],
15 silly audit   '@babel/helper-validator-option': [ '7.24.7' ],
15 silly audit   '@babel/helpers': [ '7.24.7' ],
15 silly audit   '@babel/highlight': [ '7.24.7' ],
15 silly audit   'ansi-styles': [ '3.2.1', '4.3.0', '5.2.0' ],
15 silly audit   chalk: [ '2.4.2', '4.1.2' ],
15 silly audit   'color-convert': [ '1.9.3', '2.0.1' ],
15 silly audit   'color-name': [ '1.1.3', '1.1.4' ],
15 silly audit   'escape-string-regexp': [ '1.0.5' ],
15 silly audit   'has-flag': [ '3.0.0', '4.0.0' ],
15 silly audit   'supports-color': [ '5.5.0', '7.2.0' ],
15 silly audit   '@babel/parser': [ '7.24.7' ],
15 silly audit   '@babel/plugin-syntax-jsx': [ '7.24.7' ],
15 silly audit   '@babel/plugin-transform-react-display-name': [ '7.24.7' ],
15 silly audit   '@babel/plugin-transform-react-jsx': [ '7.24.7' ],
15 silly audit   '@babel/plugin-transform-react-jsx-development': [ '7.24.7' ],
15 silly audit   '@babel/plugin-transform-react-pure-annotations': [ '7.24.7' ],
15 silly audit   '@babel/preset-react': [ '7.24.7' ],
15 silly audit   '@babel/runtime': [ '7.24.7' ],
15 silly audit   '@babel/template': [ '7.24.7' ],
15 silly audit   '@babel/traverse': [ '7.24.7' ],
15 silly audit   globals: [ '11.12.0' ],
15 silly audit   '@babel/types': [ '7.24.7' ],
15 silly audit   '@esbuild/aix-ppc64': [ '0.21.5' ],
15 silly audit   '@esbuild/android-arm': [ '0.21.5' ],
15 silly audit   '@esbuild/android-arm64': [ '0.21.5' ],
15 silly audit   '@esbuild/android-x64': [ '0.21.5' ],
15 silly audit   '@esbuild/darwin-arm64': [ '0.21.5' ],
15 silly audit   '@esbuild/darwin-x64': [ '0.21.5' ],
15 silly audit   '@esbuild/freebsd-arm64': [ '0.21.5' ],
15 silly audit   '@esbuild/freebsd-x64': [ '0.21.5' ],
15 silly audit   '@esbuild/linux-arm': [ '0.21.5' ],
15 silly audit   '@esbuild/linux-arm64': [ '0.21.5' ],
15 silly audit   '@esbuild/linux-ia32': [ '0.21.5' ],
15 silly audit   '@esbuild/linux-loong64': [ '0.21.5' ],
15 silly audit   '@esbuild/linux-mips64el': [ '0.21.5' ],
15 silly audit   '@esbuild/linux-ppc64': [ '0.21.5' ],
15 silly audit   '@esbuild/linux-riscv64': [ '0.21.5' ],
15 silly audit   '@esbuild/linux-s390x': [ '0.21.5' ],
15 silly audit   '@esbuild/linux-x64': [ '0.21.5' ],
15 silly audit   '@esbuild/netbsd-x64': [ '0.21.5' ],
15 silly audit   '@esbuild/openbsd-x64': [ '0.21.5' ],
15 silly audit   '@esbuild/sunos-x64': [ '0.21.5' ],
15 silly audit   '@esbuild/win32-arm64': [ '0.21.5' ],
15 silly audit   '@esbuild/win32-ia32': [ '0.21.5' ],
15 silly audit   '@esbuild/win32-x64': [ '0.21.5' ],
15 silly audit   '@eslint-community/eslint-utils': [ '4.4.0' ],
15 silly audit   '@eslint-community/regexpp': [ '4.11.0' ],
15 silly audit   '@jridgewell/gen-mapping': [ '0.3.5' ],
15 silly audit   '@jridgewell/resolve-uri': [ '3.1.2' ],
15 silly audit   '@jridgewell/set-array': [ '1.2.1' ],
15 silly audit   '@jridgewell/sourcemap-codec': [ '1.4.15' ],
15 silly audit   '@jridgewell/trace-mapping': [ '0.3.25' ],
15 silly audit   '@nicolo-ribaudo/eslint-scope-5-internals': [ '5.1.1-v1' ],
15 silly audit   'eslint-scope': [ '5.1.1' ],
15 silly audit   estraverse: [ '4.3.0', '5.3.0' ],
15 silly audit   '@nodelib/fs.scandir': [ '2.1.5' ],
15 silly audit   '@nodelib/fs.stat': [ '2.0.5' ],
15 silly audit   '@nodelib/fs.walk': [ '1.2.8' ],
15 silly audit   '@pkgr/core': [ '0.1.1' ],
15 silly audit   '@remix-run/eslint-config': [ '2.10.2' ],
15 silly audit   '@typescript-eslint/eslint-plugin': [ '5.62.0', '7.15.0' ],
15 silly audit   '@typescript-eslint/parser': [ '5.62.0', '7.15.0' ],
15 silly audit   '@typescript-eslint/scope-manager': [ '5.62.0', '7.15.0' ],
15 silly audit   '@typescript-eslint/type-utils': [ '5.62.0', '7.15.0' ],
15 silly audit   '@typescript-eslint/types': [ '5.62.0', '7.15.0' ],
15 silly audit   '@typescript-eslint/typescript-estree': [ '5.62.0', '7.15.0' ],
15 silly audit   '@typescript-eslint/utils': [ '5.62.0', '7.15.0' ],
15 silly audit   '@typescript-eslint/visitor-keys': [ '5.62.0', '7.15.0' ],
15 silly audit   semver: [ '7.6.2', '6.3.1' ],
15 silly audit   '@remix-run/node': [ '1.6.0' ],
15 silly audit   '@remix-run/server-runtime': [ '1.6.0' ],
15 silly audit   '@types/cookie': [ '0.4.1' ],
15 silly audit   cookie: [ '0.4.2' ],
15 silly audit   '@remix-run/react': [ '1.6.0' ],
15 silly audit   '@remix-run/router': [ '1.17.1' ],
15 silly audit   '@remix-run/web-blob': [ '3.1.0' ],
15 silly audit   '@remix-run/web-fetch': [ '4.4.2' ],
15 silly audit   '@remix-run/web-file': [ '3.1.0' ],
15 silly audit   '@remix-run/web-form-data': [ '3.1.0' ],
15 silly audit   '@remix-run/web-stream': [ '1.1.0' ],
15 silly audit   '@rollup/rollup-android-arm-eabi': [ '4.18.0' ],
15 silly audit   '@rollup/rollup-android-arm64': [ '4.18.0' ],
15 silly audit   '@rollup/rollup-darwin-arm64': [ '4.18.0' ],
15 silly audit   '@rollup/rollup-darwin-x64': [ '4.18.0' ],
15 silly audit   '@rollup/rollup-linux-arm-gnueabihf': [ '4.18.0' ],
15 silly audit   '@rollup/rollup-linux-arm-musleabihf': [ '4.18.0' ],
15 silly audit   '@rollup/rollup-linux-arm64-gnu': [ '4.18.0' ],
15 silly audit   '@rollup/rollup-linux-arm64-musl': [ '4.18.0' ],
15 silly audit   '@rollup/rollup-linux-powerpc64le-gnu': [ '4.18.0' ],
15 silly audit   '@rollup/rollup-linux-riscv64-gnu': [ '4.18.0' ],
15 silly audit   '@rollup/rollup-linux-s390x-gnu': [ '4.18.0' ],
15 silly audit   '@rollup/rollup-linux-x64-gnu': [ '4.18.0' ],
15 silly audit   '@rollup/rollup-linux-x64-musl': [ '4.18.0' ],
15 silly audit   '@rollup/rollup-win32-arm64-msvc': [ '4.18.0' ],
15 silly audit   '@rollup/rollup-win32-ia32-msvc': [ '4.18.0' ],
15 silly audit   '@rollup/rollup-win32-x64-msvc': [ '4.18.0' ],
15 silly audit   '@rushstack/eslint-patch': [ '1.10.3' ],
15 silly audit   '@shopify/app-bridge': [ '3.7.10', '2.3.1' ],
15 silly audit   '@shopify/app-bridge-core': [ '1.1.1' ],
15 silly audit   '@shopify/app-bridge-react': [ '2.3.1' ],
15 silly audit   '@shopify/app-bridge-utils': [ '3.5.1' ],
15 silly audit   '@shopify/polaris': [ '9.24.0' ],
15 silly audit   '@shopify/polaris-icons': [ '5.4.0' ],
15 silly audit   '@shopify/polaris-tokens': [ '5.5.2' ],
15 silly audit   '@testing-library/dom': [ '8.20.1' ],
15 silly audit   '@types/aria-query': [ '5.0.4' ],
15 silly audit   '@types/estree': [ '1.0.5' ],
15 silly audit   '@types/json-schema': [ '7.0.15' ],
15 silly audit   '@types/json5': [ '0.0.29' ],
15 silly audit   '@types/node': [ '18.19.39' ],
15 silly audit   '@types/prop-types': [ '15.7.12' ],
15 silly audit   '@types/react': [ '18.3.3', '17.0.80' ],
15 silly audit   '@types/react-dom': [ '17.0.25' ],
15 silly audit   '@types/react-transition-group': [ '4.4.10' ],
15 silly audit   '@types/scheduler': [ '0.16.8' ],
15 silly audit   '@types/semver': [ '7.5.8' ],
15 silly audit   'brace-expansion': [ '2.0.1', '1.1.11' ],
15 silly audit   minimatch: [ '9.0.5', '3.1.2' ],
15 silly audit   '@web3-storage/multipart-parser': [ '1.0.0' ],
15 silly audit   '@zxing/text-encoding': [ '0.9.0' ],
15 silly audit   'abort-controller': [ '3.0.0' ],
15 silly audit   'ansi-regex': [ '5.0.1' ],
15 silly audit   'aria-query': [ '5.1.3' ],
15 silly audit   'array-buffer-byte-length': [ '1.0.1' ],
15 silly audit   'array-includes': [ '3.1.8' ],
15 silly audit   'array-union': [ '2.1.0' ],
15 silly audit   'array.prototype.findlast': [ '1.2.5' ],
15 silly audit   'array.prototype.findlastindex': [ '1.2.5' ],
15 silly audit   'array.prototype.flat': [ '1.3.2' ],
15 silly audit   'array.prototype.flatmap': [ '1.3.2' ],
15 silly audit   'array.prototype.toreversed': [ '1.1.2' ],
15 silly audit   'array.prototype.tosorted': [ '1.1.4' ],
15 silly audit   'arraybuffer.prototype.slice': [ '1.0.3' ],
15 silly audit   'ast-types-flow': [ '0.0.8' ],
15 silly audit   'available-typed-arrays': [ '1.0.7' ],
15 silly audit   'axe-core': [ '4.9.1' ],
15 silly audit   'axobject-query': [ '3.1.1' ],
15 silly audit   'balanced-match': [ '1.0.2' ],
15 silly audit   base64url: [ '3.0.1' ],
15 silly audit   braces: [ '3.0.3' ],
15 silly audit   browserslist: [ '4.23.1' ],
15 silly audit   'buffer-from': [ '1.1.2' ],
15 silly audit   'call-bind': [ '1.0.7' ],
15 silly audit   'caniuse-lite': [ '1.0.30001640' ],
15 silly audit   'concat-map': [ '0.0.1' ],
15 silly audit   'convert-source-map': [ '2.0.0' ],
15 silly audit   'cookie-signature': [ '1.2.1' ],
15 silly audit   csstype: [ '3.1.3' ],
15 silly audit   'damerau-levenshtein': [ '1.0.8' ],
15 silly audit   'data-uri-to-buffer': [ '3.0.1' ],
15 silly audit   'data-view-buffer': [ '1.0.1' ],
15 silly audit   'data-view-byte-length': [ '1.0.1' ],
15 silly audit   'data-view-byte-offset': [ '1.0.0' ],
15 silly audit   debug: [ '4.3.5', '3.2.7' ],
15 silly audit   'deep-equal': [ '2.2.3' ],
15 silly audit   'define-data-property': [ '1.1.4' ],
15 silly audit   'define-properties': [ '1.2.1' ],
15 silly audit   'dir-glob': [ '3.0.1' ],
15 silly audit   'dom-accessibility-api': [ '0.5.16' ],
15 silly audit   'dom-helpers': [ '5.2.1' ],
15 silly audit   'electron-to-chromium': [ '1.4.818' ],
15 silly audit   'emoji-regex': [ '9.2.2' ],
15 silly audit   'enhanced-resolve': [ '5.17.0' ],
15 silly audit   'es-abstract': [ '1.23.3' ],
15 silly audit   'es-define-property': [ '1.0.0' ],
15 silly audit   'es-errors': [ '1.3.0' ],
15 silly audit   'es-get-iterator': [ '1.1.3' ],
15 silly audit   'es-iterator-helpers': [ '1.0.19' ],
15 silly audit   'es-object-atoms': [ '1.0.0' ],
15 silly audit   'es-set-tostringtag': [ '2.0.3' ],
15 silly audit   'es-shim-unscopables': [ '1.0.2' ],
15 silly audit   'es-to-primitive': [ '1.2.1' ],
15 silly audit   esbuild: [ '0.21.5' ],
15 silly audit   escalade: [ '3.1.2' ],
15 silly audit   'eslint-config-prettier': [ '9.1.0' ],
15 silly audit   'eslint-import-resolver-node': [ '0.3.7', '0.3.9' ],
15 silly audit   'eslint-import-resolver-typescript': [ '3.6.1' ],
15 silly audit   'eslint-module-utils': [ '2.8.1' ],
15 silly audit   'eslint-plugin-es': [ '3.0.1' ],
15 silly audit   'eslint-plugin-import': [ '2.29.1' ],
15 silly audit   doctrine: [ '2.1.0' ],
15 silly audit   json5: [ '1.0.2', '2.2.3' ],
15 silly audit   'tsconfig-paths': [ '3.15.0' ],
15 silly audit   'eslint-plugin-jest': [ '26.9.0' ],
15 silly audit   'eslint-plugin-jest-dom': [ '4.0.3' ],
15 silly audit   'eslint-plugin-jsx-a11y': [ '6.9.0' ],
15 silly audit   'eslint-plugin-node': [ '11.1.0' ],
15 silly audit   'eslint-plugin-prettier': [ '5.1.3' ],
15 silly audit   'eslint-plugin-react': [ '7.34.3' ],
15 silly audit   'eslint-plugin-react-hooks': [ '4.6.2' ],
15 silly audit   resolve: [ '2.0.0-next.5', '1.22.8' ],
15 silly audit   'eslint-plugin-testing-library': [ '5.11.1' ],
15 silly audit   'eslint-utils': [ '2.1.0' ],
15 silly audit   esrecurse: [ '4.3.0' ],
15 silly audit   esutils: [ '2.0.3' ],
15 silly audit   'event-target-shim': [ '5.0.1' ],
15 silly audit   'fast-diff': [ '1.3.0' ],
15 silly audit   'fast-glob': [ '3.3.2' ],
15 silly audit   'glob-parent': [ '5.1.2' ],
15 silly audit   fastq: [ '1.17.1' ],
15 silly audit   'fill-range': [ '7.1.1' ],
15 silly audit   'for-each': [ '0.3.3' ],
15 silly audit   fsevents: [ '2.3.3' ],
15 silly audit   'function-bind': [ '1.1.2' ],
15 silly audit   'function.prototype.name': [ '1.1.6' ],
15 silly audit   'functions-have-names': [ '1.2.3' ],
15 silly audit   gensync: [ '1.0.0-beta.2' ],
15 silly audit   'get-intrinsic': [ '1.2.4' ],
15 silly audit   'get-symbol-description': [ '1.0.2' ],
15 silly audit   'get-tsconfig': [ '4.7.5' ],
15 silly audit   globalthis: [ '1.0.4' ],
15 silly audit   globby: [ '11.1.0' ],
15 silly audit   gopd: [ '1.0.1' ],
15 silly audit   'graceful-fs': [ '4.2.11' ],
15 silly audit   graphemer: [ '1.4.0' ],
15 silly audit   'has-bigints': [ '1.0.2' ],
15 silly audit   'has-property-descriptors': [ '1.0.2' ],
15 silly audit   'has-proto': [ '1.0.3' ],
15 silly audit   'has-symbols': [ '1.0.3' ],
15 silly audit   'has-tostringtag': [ '1.0.2' ],
15 silly audit   hasown: [ '2.0.2' ],
15 silly audit   history: [ '5.3.0' ],
15 silly audit   ignore: [ '5.3.1' ],
15 silly audit   inherits: [ '2.0.4' ],
15 silly audit   'internal-slot': [ '1.0.7' ],
15 silly audit   'is-arguments': [ '1.1.1' ],
15 silly audit   'is-array-buffer': [ '3.0.4' ],
15 silly audit   'is-async-function': [ '2.0.0' ],
15 silly audit   'is-bigint': [ '1.0.4' ],
15 silly audit   'is-boolean-object': [ '1.1.2' ],
15 silly audit   'is-callable': [ '1.2.7' ],
15 silly audit   'is-core-module': [ '2.14.0' ],
15 silly audit   'is-data-view': [ '1.0.1' ],
15 silly audit   'is-date-object': [ '1.0.5' ],
15 silly audit   'is-extglob': [ '2.1.1' ],
15 silly audit   'is-finalizationregistry': [ '1.0.2' ],
15 silly audit   'is-generator-function': [ '1.0.10' ],
15 silly audit   'is-glob': [ '4.0.3' ],
15 silly audit   'is-map': [ '2.0.3' ],
15 silly audit   'is-negative-zero': [ '2.0.3' ],
15 silly audit   'is-number': [ '7.0.0' ],
15 silly audit   'is-number-object': [ '1.0.7' ],
15 silly audit   'is-regex': [ '1.1.4' ],
15 silly audit   'is-set': [ '2.0.3' ],
15 silly audit   'is-shared-array-buffer': [ '1.0.3' ],
15 silly audit   'is-string': [ '1.0.7' ],
15 silly audit   'is-symbol': [ '1.0.4' ],
15 silly audit   'is-typed-array': [ '1.1.13' ],
15 silly audit   'is-weakmap': [ '2.0.2' ],
15 silly audit   'is-weakref': [ '1.0.2' ],
15 silly audit   'is-weakset': [ '2.0.3' ],
15 silly audit   isarray: [ '2.0.5' ],
15 silly audit   'iterator.prototype': [ '1.1.2' ],
15 silly audit   'js-tokens': [ '4.0.0' ],
15 silly audit   'jsx-ast-utils': [ '3.3.5' ],
15 silly audit   'language-subtag-registry': [ '0.3.23' ],
15 silly audit   'language-tags': [ '1.0.9' ],
15 silly audit   'loose-envify': [ '1.4.0' ],
15 silly audit   'lru-cache': [ '5.1.1' ],
15 silly audit   'lz-string': [ '1.5.0' ],
15 silly audit   merge2: [ '1.4.1' ],
15 silly audit   micromatch: [ '4.0.7' ],
15 silly audit   minimist: [ '1.2.8' ],
15 silly audit   mrmime: [ '1.0.1' ],
15 silly audit   ms: [ '2.1.2' ],
15 silly audit   nanoid: [ '3.3.7' ],
15 silly audit   'natural-compare': [ '1.4.0' ],
15 silly audit   'natural-compare-lite': [ '1.4.0' ],
15 silly audit   'node-releases': [ '2.0.14' ],
15 silly audit   'object-assign': [ '4.1.1' ],
15 silly audit   'object-inspect': [ '1.13.2' ],
15 silly audit   'object-is': [ '1.1.6' ],
15 silly audit   'object-keys': [ '1.1.1' ],
15 silly audit   'object.assign': [ '4.1.5' ],
15 silly audit   'object.entries': [ '1.1.8' ],
15 silly audit   'object.fromentries': [ '2.0.8' ],
15 silly audit   'object.groupby': [ '1.0.3' ],
15 silly audit   'object.hasown': [ '1.1.4' ],
15 silly audit   'object.values': [ '1.2.0' ],
15 silly audit   'path-parse': [ '1.0.7' ],
15 silly audit   'path-type': [ '4.0.0' ],
15 silly audit   picocolors: [ '1.0.1' ],
15 silly audit   picomatch: [ '2.3.1' ],
15 silly audit   'possible-typed-array-names': [ '1.0.0' ],
15 silly audit   postcss: [ '8.4.39' ],
15 silly audit   prettier: [ '3.3.2' ],
15 silly audit   'prettier-linter-helpers': [ '1.0.0' ],
15 silly audit   'pretty-format': [ '27.5.1' ],
15 silly audit   'prop-types': [ '15.8.1' ],
15 silly audit   'react-is': [ '16.13.1', '17.0.2' ],
15 silly audit   'queue-microtask': [ '1.2.3' ],
15 silly audit   react: [ '17.0.2' ],
15 silly audit   'react-dom': [ '17.0.2' ],
15 silly audit   'react-fast-compare': [ '3.2.2' ],
15 silly audit   'react-router': [ '6.24.1' ],
15 silly audit   'react-router-dom': [ '6.24.1' ],
15 silly audit   'react-transition-group': [ '4.4.5' ],
15 silly audit   'reflect.getprototypeof': [ '1.0.6' ],
15 silly audit   'regenerator-runtime': [ '0.14.1' ],
15 silly audit   'regexp.prototype.flags': [ '1.5.2' ],
15 silly audit   regexpp: [ '3.2.0' ],
15 silly audit   requireindex: [ '1.2.0' ],
15 silly audit   'resolve-pkg-maps': [ '1.0.0' ],
15 silly audit   reusify: [ '1.0.4' ],
15 silly audit   rollup: [ '4.18.0' ],
15 silly audit   'run-parallel': [ '1.2.0' ],
15 silly audit   'safe-array-concat': [ '1.1.2' ],
15 silly audit   'safe-regex-test': [ '1.0.3' ],
15 silly audit   scheduler: [ '0.20.2' ],
15 silly audit   'set-cookie-parser': [ '2.6.0' ],
15 silly audit   'set-function-length': [ '1.2.2' ],
15 silly audit   'set-function-name': [ '2.0.2' ],
15 silly audit   'side-channel': [ '1.0.6' ],
15 silly audit   slash: [ '3.0.0' ],
15 silly audit   'source-map': [ '0.7.4', '0.6.1' ],
15 silly audit   'source-map-js': [ '1.2.0' ],
15 silly audit   'source-map-support': [ '0.5.21' ],
15 silly audit   'stop-iteration-iterator': [ '1.0.0' ],
15 silly audit   'stream-slice': [ '0.1.2' ],
15 silly audit   'string.prototype.includes': [ '2.0.0' ],
15 silly audit   'string.prototype.matchall': [ '4.0.11' ],
15 silly audit   'string.prototype.trim': [ '1.2.9' ],
15 silly audit   'string.prototype.trimend': [ '1.0.8' ],
15 silly audit   'string.prototype.trimstart': [ '1.0.8' ],
15 silly audit   'strip-bom': [ '3.0.0' ],
15 silly audit   'supports-preserve-symlinks-flag': [ '1.0.0' ],
15 silly audit   synckit: [ '0.8.8' ],
15 silly audit   tapable: [ '2.2.1' ],
15 silly audit   'to-fast-properties': [ '2.0.0' ],
15 silly audit   'to-regex-range': [ '5.0.1' ],
15 silly audit   'ts-api-utils': [ '1.3.0' ],
15 silly audit   tslib: [ '2.6.3', '1.14.1' ],
15 silly audit   tsutils: [ '3.21.0' ],
15 silly audit   'typed-array-buffer': [ '1.0.2' ],
15 silly audit   'typed-array-byte-length': [ '1.0.1' ],
15 silly audit   'typed-array-byte-offset': [ '1.0.2' ],
15 silly audit   'typed-array-length': [ '1.0.6' ],
15 silly audit   typescript: [ '5.1.6' ],
15 silly audit   'unbox-primitive': [ '1.0.2' ],
15 silly audit   'undici-types': [ '5.26.5' ],
15 silly audit   'update-browserslist-db': [ '1.1.0' ],
15 silly audit   util: [ '0.12.5' ],
15 silly audit   vite: [ '5.3.3' ],
15 silly audit   'web-encoding': [ '1.1.5' ],
15 silly audit   'web-streams-polyfill': [ '3.3.3' ],
15 silly audit   'web-vitals': [ '3.5.2' ],
15 silly audit   'which-boxed-primitive': [ '1.0.2' ],
15 silly audit   'which-builtin-type': [ '1.1.3' ],
15 silly audit   'which-collection': [ '1.0.2' ],
15 silly audit   'which-typed-array': [ '1.1.15' ],
15 silly audit   yallist: [ '3.1.1' ]
15 silly audit }
16 verbose reify failed optional dependency /Users/damionrashford/reservation-app/node_modules/@rollup/rollup-win32-x64-msvc
17 silly reify mark deleted [
17 silly reify   '/Users/damionrashford/reservation-app/node_modules/@rollup/rollup-win32-x64-msvc'
17 silly reify ]
18 verbose reify failed optional dependency /Users/damionrashford/reservation-app/node_modules/@rollup/rollup-win32-ia32-msvc
19 silly reify mark deleted [
19 silly reify   '/Users/damionrashford/reservation-app/node_modules/@rollup/rollup-win32-ia32-msvc'
19 silly reify ]
20 verbose reify failed optional dependency /Users/damionrashford/reservation-app/node_modules/@rollup/rollup-win32-arm64-msvc
21 silly reify mark deleted [
21 silly reify   '/Users/damionrashford/reservation-app/node_modules/@rollup/rollup-win32-arm64-msvc'
21 silly reify ]
22 verbose reify failed optional dependency /Users/damionrashford/reservation-app/node_modules/@rollup/rollup-linux-x64-musl
23 silly reify mark deleted [
23 silly reify   '/Users/damionrashford/reservation-app/node_modules/@rollup/rollup-linux-x64-musl'
23 silly reify ]
24 verbose reify failed optional dependency /Users/damionrashford/reservation-app/node_modules/@rollup/rollup-linux-x64-gnu
25 silly reify mark deleted [
25 silly reify   '/Users/damionrashford/reservation-app/node_modules/@rollup/rollup-linux-x64-gnu'
25 silly reify ]
26 verbose reify failed optional dependency /Users/damionrashford/reservation-app/node_modules/@rollup/rollup-linux-s390x-gnu
27 silly reify mark deleted [
27 silly reify   '/Users/damionrashford/reservation-app/node_modules/@rollup/rollup-linux-s390x-gnu'
27 silly reify ]
28 verbose reify failed optional dependency /Users/damionrashford/reservation-app/node_modules/@rollup/rollup-linux-riscv64-gnu
29 silly reify mark deleted [
29 silly reify   '/Users/damionrashford/reservation-app/node_modules/@rollup/rollup-linux-riscv64-gnu'
29 silly reify ]
30 verbose reify failed optional dependency /Users/damionrashford/reservation-app/node_modules/@rollup/rollup-linux-powerpc64le-gnu
31 silly reify mark deleted [
31 silly reify   '/Users/damionrashford/reservation-app/node_modules/@rollup/rollup-linux-powerpc64le-gnu'
31 silly reify ]
32 verbose reify failed optional dependency /Users/damionrashford/reservation-app/node_modules/@rollup/rollup-linux-arm64-musl
33 silly reify mark deleted [
33 silly reify   '/Users/damionrashford/reservation-app/node_modules/@rollup/rollup-linux-arm64-musl'
33 silly reify ]
34 verbose reify failed optional dependency /Users/damionrashford/reservation-app/node_modules/@rollup/rollup-linux-arm64-gnu
35 silly reify mark deleted [
35 silly reify   '/Users/damionrashford/reservation-app/node_modules/@rollup/rollup-linux-arm64-gnu'
35 silly reify ]
36 verbose reify failed optional dependency /Users/damionrashford/reservation-app/node_modules/@rollup/rollup-linux-arm-musleabihf
37 silly reify mark deleted [
37 silly reify   '/Users/damionrashford/reservation-app/node_modules/@rollup/rollup-linux-arm-musleabihf'
37 silly reify ]
38 verbose reify failed optional dependency /Users/damionrashford/reservation-app/node_modules/@rollup/rollup-linux-arm-gnueabihf
39 silly reify mark deleted [
39 silly reify   '/Users/damionrashford/reservation-app/node_modules/@rollup/rollup-linux-arm-gnueabihf'
39 silly reify ]
40 verbose reify failed optional dependency /Users/damionrashford/reservation-app/node_modules/@rollup/rollup-darwin-x64
41 silly reify mark deleted [
41 silly reify   '/Users/damionrashford/reservation-app/node_modules/@rollup/rollup-darwin-x64'
41 silly reify ]
42 verbose reify failed optional dependency /Users/damionrashford/reservation-app/node_modules/@rollup/rollup-android-arm64
43 silly reify mark deleted [
43 silly reify   '/Users/damionrashford/reservation-app/node_modules/@rollup/rollup-android-arm64'
43 silly reify ]
44 verbose reify failed optional dependency /Users/damionrashford/reservation-app/node_modules/@rollup/rollup-android-arm-eabi
45 silly reify mark deleted [
45 silly reify   '/Users/damionrashford/reservation-app/node_modules/@rollup/rollup-android-arm-eabi'
45 silly reify ]
46 verbose reify failed optional dependency /Users/damionrashford/reservation-app/node_modules/@esbuild/win32-x64
47 silly reify mark deleted [
47 silly reify   '/Users/damionrashford/reservation-app/node_modules/@esbuild/win32-x64'
47 silly reify ]
48 verbose reify failed optional dependency /Users/damionrashford/reservation-app/node_modules/@esbuild/win32-ia32
49 silly reify mark deleted [
49 silly reify   '/Users/damionrashford/reservation-app/node_modules/@esbuild/win32-ia32'
49 silly reify ]
50 verbose reify failed optional dependency /Users/damionrashford/reservation-app/node_modules/@esbuild/win32-arm64
51 silly reify mark deleted [
51 silly reify   '/Users/damionrashford/reservation-app/node_modules/@esbuild/win32-arm64'
51 silly reify ]
52 verbose reify failed optional dependency /Users/damionrashford/reservation-app/node_modules/@esbuild/sunos-x64
53 silly reify mark deleted [
53 silly reify   '/Users/damionrashford/reservation-app/node_modules/@esbuild/sunos-x64'
53 silly reify ]
54 verbose reify failed optional dependency /Users/damionrashford/reservation-app/node_modules/@esbuild/openbsd-x64
55 silly reify mark deleted [
55 silly reify   '/Users/damionrashford/reservation-app/node_modules/@esbuild/openbsd-x64'
55 silly reify ]
56 verbose reify failed optional dependency /Users/damionrashford/reservation-app/node_modules/@esbuild/netbsd-x64
57 silly reify mark deleted [
57 silly reify   '/Users/damionrashford/reservation-app/node_modules/@esbuild/netbsd-x64'
57 silly reify ]
58 verbose reify failed optional dependency /Users/damionrashford/reservation-app/node_modules/@esbuild/linux-x64
59 silly reify mark deleted [
59 silly reify   '/Users/damionrashford/reservation-app/node_modules/@esbuild/linux-x64'
59 silly reify ]
60 verbose reify failed optional dependency /Users/damionrashford/reservation-app/node_modules/@esbuild/linux-s390x
61 silly reify mark deleted [
61 silly reify   '/Users/damionrashford/reservation-app/node_modules/@esbuild/linux-s390x'
61 silly reify ]
62 verbose reify failed optional dependency /Users/damionrashford/reservation-app/node_modules/@esbuild/linux-riscv64
63 silly reify mark deleted [
63 silly reify   '/Users/damionrashford/reservation-app/node_modules/@esbuild/linux-riscv64'
63 silly reify ]
64 verbose reify failed optional dependency /Users/damionrashford/reservation-app/node_modules/@esbuild/linux-ppc64
65 silly reify mark deleted [
65 silly reify   '/Users/damionrashford/reservation-app/node_modules/@esbuild/linux-ppc64'
65 silly reify ]
66 verbose reify failed optional dependency /Users/damionrashford/reservation-app/node_modules/@esbuild/linux-mips64el
67 silly reify mark deleted [
67 silly reify   '/Users/damionrashford/reservation-app/node_modules/@esbuild/linux-mips64el'
67 silly reify ]
68 verbose reify failed optional dependency /Users/damionrashford/reservation-app/node_modules/@esbuild/linux-loong64
69 silly reify mark deleted [
69 silly reify   '/Users/damionrashford/reservation-app/node_modules/@esbuild/linux-loong64'
69 silly reify ]
70 verbose reify failed optional dependency /Users/damionrashford/reservation-app/node_modules/@esbuild/linux-ia32
71 silly reify mark deleted [
71 silly reify   '/Users/damionrashford/reservation-app/node_modules/@esbuild/linux-ia32'
71 silly reify ]
72 verbose reify failed optional dependency /Users/damionrashford/reservation-app/node_modules/@esbuild/linux-arm64
73 silly reify mark deleted [
73 silly reify   '/Users/damionrashford/reservation-app/node_modules/@esbuild/linux-arm64'
73 silly reify ]
74 verbose reify failed optional dependency /Users/damionrashford/reservation-app/node_modules/@esbuild/linux-arm
75 silly reify mark deleted [
75 silly reify   '/Users/damionrashford/reservation-app/node_modules/@esbuild/linux-arm'
75 silly reify ]
76 verbose reify failed optional dependency /Users/damionrashford/reservation-app/node_modules/@esbuild/freebsd-x64
77 silly reify mark deleted [
77 silly reify   '/Users/damionrashford/reservation-app/node_modules/@esbuild/freebsd-x64'
77 silly reify ]
78 verbose reify failed optional dependency /Users/damionrashford/reservation-app/node_modules/@esbuild/freebsd-arm64
79 silly reify mark deleted [
79 silly reify   '/Users/damionrashford/reservation-app/node_modules/@esbuild/freebsd-arm64'
79 silly reify ]
80 verbose reify failed optional dependency /Users/damionrashford/reservation-app/node_modules/@esbuild/darwin-x64
81 silly reify mark deleted [
81 silly reify   '/Users/damionrashford/reservation-app/node_modules/@esbuild/darwin-x64'
81 silly reify ]
82 verbose reify failed optional dependency /Users/damionrashford/reservation-app/node_modules/@esbuild/android-x64
83 silly reify mark deleted [
83 silly reify   '/Users/damionrashford/reservation-app/node_modules/@esbuild/android-x64'
83 silly reify ]
84 verbose reify failed optional dependency /Users/damionrashford/reservation-app/node_modules/@esbuild/android-arm64
85 silly reify mark deleted [
85 silly reify   '/Users/damionrashford/reservation-app/node_modules/@esbuild/android-arm64'
85 silly reify ]
86 verbose reify failed optional dependency /Users/damionrashford/reservation-app/node_modules/@esbuild/android-arm
87 silly reify mark deleted [
87 silly reify   '/Users/damionrashford/reservation-app/node_modules/@esbuild/android-arm'
87 silly reify ]
88 verbose reify failed optional dependency /Users/damionrashford/reservation-app/node_modules/@esbuild/aix-ppc64
89 silly reify mark deleted [
89 silly reify   '/Users/damionrashford/reservation-app/node_modules/@esbuild/aix-ppc64'
89 silly reify ]
90 http fetch POST 200 https://registry.npmjs.org/-/npm/v1/security/advisories/bulk 208ms
91 silly audit report {}
92 silly ADD
93 silly ADD
94 silly ADD
95 silly ADD
96 silly ADD
97 silly ADD
98 silly ADD
99 silly ADD
100 silly ADD
101 silly ADD
102 silly ADD
103 silly ADD
104 silly ADD
105 silly ADD
106 silly ADD
107 silly ADD
108 silly ADD
109 silly ADD
110 silly ADD
111 silly ADD
112 silly ADD
113 silly ADD
114 silly ADD
115 silly ADD
116 silly ADD
117 silly ADD
118 silly ADD
119 silly ADD
120 silly ADD
121 silly ADD
122 silly ADD
123 silly ADD
124 silly ADD
125 silly ADD
126 silly ADD
127 silly ADD
128 silly ADD
129 verbose exit 0
130 info ok
