0 verbose cli /opt/homebrew/Cellar/node/22.2.0/bin/node /opt/homebrew/bin/npm
1 info using npm@10.7.0
2 info using node@v22.2.0
3 silly config:load:file:/opt/homebrew/lib/node_modules/npm/npmrc
4 silly config:load:file:/Users/damionrashford/reservation-app/.npmrc
5 silly config:load:file:/Users/damionrashford/.npmrc
6 silly config:load:file:/opt/homebrew/etc/npmrc
7 verbose title npm install @types/node eslint-plugin-react eslint-plugin-jsx-a11y eslint-plugin-import eslint-plugin-react-hooks eslint-config-prettier eslint-plugin-prettier
8 verbose argv "install" "@types/node" "eslint-plugin-react" "eslint-plugin-jsx-a11y" "eslint-plugin-import" "eslint-plugin-react-hooks" "eslint-config-prettier" "eslint-plugin-prettier" "--legacy-peer-deps" "--save-dev"
9 verbose logfile logs-max:10 dir:/Users/damionrashford/.npm/_logs/2024-07-07T03_56_16_315Z-
10 verbose logfile /Users/damionrashford/.npm/_logs/2024-07-07T03_56_16_315Z-debug-0.log
11 silly logfile start cleaning logs, removing 1 files
12 silly logfile done cleaning log files
13 silly idealTree buildDeps
14 silly fetch manifest @types/node@^18.19.39
15 http fetch GET 200 https://registry.npmjs.org/@types%2fnode 38ms (cache hit)
16 silly fetch manifest eslint-config-prettier@^9.1.0
17 http fetch GET 200 https://registry.npmjs.org/eslint-config-prettier 6ms (cache hit)
18 silly fetch manifest eslint-plugin-import@^2.29.1
19 http fetch GET 200 https://registry.npmjs.org/eslint-plugin-import 4ms (cache hit)
20 silly fetch manifest eslint-plugin-jsx-a11y@^6.9.0
21 http fetch GET 200 https://registry.npmjs.org/eslint-plugin-jsx-a11y 2ms (cache hit)
22 silly fetch manifest eslint-plugin-prettier@^5.1.3
23 http fetch GET 200 https://registry.npmjs.org/eslint-plugin-prettier 2ms (cache hit)
24 silly fetch manifest eslint-plugin-react@^7.34.3
25 http fetch GET 200 https://registry.npmjs.org/eslint-plugin-react 2ms (cache hit)
26 silly fetch manifest eslint-plugin-react-hooks@^4.6.2
27 http fetch GET 200 https://registry.npmjs.org/eslint-plugin-react-hooks 9ms (cache hit)
28 silly placeDep ROOT @types/node@18.19.39 REPLACE for: reservation-app@1.0.0 want: ^18.19.39
29 silly placeDep ROOT eslint-config-prettier@9.1.0 REPLACE for: reservation-app@1.0.0 want: ^9.1.0
30 silly placeDep ROOT eslint-plugin-import@2.29.1 REPLACE for: reservation-app@1.0.0 want: ^2.29.1
31 silly placeDep ROOT eslint-plugin-jsx-a11y@6.9.0 REPLACE for: reservation-app@1.0.0 want: ^6.9.0
32 silly placeDep ROOT eslint-plugin-prettier@5.1.3 REPLACE for: reservation-app@1.0.0 want: ^5.1.3
33 silly placeDep ROOT eslint-plugin-react@7.34.3 REPLACE for: reservation-app@1.0.0 want: ^7.34.3
34 silly placeDep ROOT eslint-plugin-react-hooks@4.6.2 REPLACE for: reservation-app@1.0.0 want: ^4.6.2
35 silly reify moves {}
36 silly audit bulk request {
36 silly audit   '@ampproject/remapping': [ '2.3.0' ],
36 silly audit   '@babel/code-frame': [ '7.24.7' ],
36 silly audit   '@babel/compat-data': [ '7.24.7' ],
36 silly audit   '@babel/core': [ '7.24.7' ],
36 silly audit   '@babel/eslint-parser': [ '7.24.7' ],
36 silly audit   'eslint-visitor-keys': [ '2.1.0', '1.3.0', '3.4.3' ],
36 silly audit   '@babel/generator': [ '7.24.7' ],
36 silly audit   jsesc: [ '2.5.2', '3.0.2' ],
36 silly audit   '@babel/helper-annotate-as-pure': [ '7.24.7' ],
36 silly audit   '@babel/helper-compilation-targets': [ '7.24.7' ],
36 silly audit   '@babel/helper-environment-visitor': [ '7.24.7' ],
36 silly audit   '@babel/helper-function-name': [ '7.24.7' ],
36 silly audit   '@babel/helper-hoist-variables': [ '7.24.7' ],
36 silly audit   '@babel/helper-module-imports': [ '7.24.7' ],
36 silly audit   '@babel/helper-module-transforms': [ '7.24.7' ],
36 silly audit   '@babel/helper-plugin-utils': [ '7.24.7' ],
36 silly audit   '@babel/helper-simple-access': [ '7.24.7' ],
36 silly audit   '@babel/helper-split-export-declaration': [ '7.24.7' ],
36 silly audit   '@babel/helper-string-parser': [ '7.24.7' ],
36 silly audit   '@babel/helper-validator-identifier': [ '7.24.7' ],
36 silly audit   '@babel/helper-validator-option': [ '7.24.7' ],
36 silly audit   '@babel/helpers': [ '7.24.7' ],
36 silly audit   '@babel/highlight': [ '7.24.7' ],
36 silly audit   'ansi-styles': [ '3.2.1', '4.3.0', '5.2.0' ],
36 silly audit   chalk: [ '2.4.2', '4.1.2' ],
36 silly audit   'color-convert': [ '1.9.3', '2.0.1' ],
36 silly audit   'color-name': [ '1.1.3', '1.1.4' ],
36 silly audit   'escape-string-regexp': [ '1.0.5' ],
36 silly audit   'has-flag': [ '3.0.0', '4.0.0' ],
36 silly audit   'supports-color': [ '5.5.0', '7.2.0' ],
36 silly audit   '@babel/parser': [ '7.24.7' ],
36 silly audit   '@babel/plugin-syntax-jsx': [ '7.24.7' ],
36 silly audit   '@babel/plugin-transform-react-display-name': [ '7.24.7' ],
36 silly audit   '@babel/plugin-transform-react-jsx': [ '7.24.7' ],
36 silly audit   '@babel/plugin-transform-react-jsx-development': [ '7.24.7' ],
36 silly audit   '@babel/plugin-transform-react-pure-annotations': [ '7.24.7' ],
36 silly audit   '@babel/preset-react': [ '7.24.7' ],
36 silly audit   '@babel/runtime': [ '7.24.7' ],
36 silly audit   '@babel/template': [ '7.24.7' ],
36 silly audit   '@babel/traverse': [ '7.24.7' ],
36 silly audit   globals: [ '11.12.0' ],
36 silly audit   '@babel/types': [ '7.24.7' ],
36 silly audit   '@esbuild/aix-ppc64': [ '0.21.5' ],
36 silly audit   '@esbuild/android-arm': [ '0.21.5' ],
36 silly audit   '@esbuild/android-arm64': [ '0.21.5' ],
36 silly audit   '@esbuild/android-x64': [ '0.21.5' ],
36 silly audit   '@esbuild/darwin-arm64': [ '0.21.5' ],
36 silly audit   '@esbuild/darwin-x64': [ '0.21.5' ],
36 silly audit   '@esbuild/freebsd-arm64': [ '0.21.5' ],
36 silly audit   '@esbuild/freebsd-x64': [ '0.21.5' ],
36 silly audit   '@esbuild/linux-arm': [ '0.21.5' ],
36 silly audit   '@esbuild/linux-arm64': [ '0.21.5' ],
36 silly audit   '@esbuild/linux-ia32': [ '0.21.5' ],
36 silly audit   '@esbuild/linux-loong64': [ '0.21.5' ],
36 silly audit   '@esbuild/linux-mips64el': [ '0.21.5' ],
36 silly audit   '@esbuild/linux-ppc64': [ '0.21.5' ],
36 silly audit   '@esbuild/linux-riscv64': [ '0.21.5' ],
36 silly audit   '@esbuild/linux-s390x': [ '0.21.5' ],
36 silly audit   '@esbuild/linux-x64': [ '0.21.5' ],
36 silly audit   '@esbuild/netbsd-x64': [ '0.21.5' ],
36 silly audit   '@esbuild/openbsd-x64': [ '0.21.5' ],
36 silly audit   '@esbuild/sunos-x64': [ '0.21.5' ],
36 silly audit   '@esbuild/win32-arm64': [ '0.21.5' ],
36 silly audit   '@esbuild/win32-ia32': [ '0.21.5' ],
36 silly audit   '@esbuild/win32-x64': [ '0.21.5' ],
36 silly audit   '@eslint-community/eslint-utils': [ '4.4.0' ],
36 silly audit   '@eslint-community/regexpp': [ '4.11.0' ],
36 silly audit   '@jridgewell/gen-mapping': [ '0.3.5' ],
36 silly audit   '@jridgewell/resolve-uri': [ '3.1.2' ],
36 silly audit   '@jridgewell/set-array': [ '1.2.1' ],
36 silly audit   '@jridgewell/sourcemap-codec': [ '1.4.15' ],
36 silly audit   '@jridgewell/trace-mapping': [ '0.3.25' ],
36 silly audit   '@nicolo-ribaudo/eslint-scope-5-internals': [ '5.1.1-v1' ],
36 silly audit   'eslint-scope': [ '5.1.1' ],
36 silly audit   estraverse: [ '4.3.0', '5.3.0' ],
36 silly audit   '@nodelib/fs.scandir': [ '2.1.5' ],
36 silly audit   '@nodelib/fs.stat': [ '2.0.5' ],
36 silly audit   '@nodelib/fs.walk': [ '1.2.8' ],
36 silly audit   '@pkgr/core': [ '0.1.1' ],
36 silly audit   '@remix-run/eslint-config': [ '2.10.2' ],
36 silly audit   '@typescript-eslint/eslint-plugin': [ '5.62.0', '7.15.0' ],
36 silly audit   '@typescript-eslint/parser': [ '5.62.0', '7.15.0' ],
36 silly audit   '@typescript-eslint/scope-manager': [ '5.62.0', '7.15.0' ],
36 silly audit   '@typescript-eslint/type-utils': [ '5.62.0', '7.15.0' ],
36 silly audit   '@typescript-eslint/types': [ '5.62.0', '7.15.0' ],
36 silly audit   '@typescript-eslint/typescript-estree': [ '5.62.0', '7.15.0' ],
36 silly audit   '@typescript-eslint/utils': [ '5.62.0', '7.15.0' ],
36 silly audit   '@typescript-eslint/visitor-keys': [ '5.62.0', '7.15.0' ],
36 silly audit   semver: [ '7.6.2', '6.3.1' ],
36 silly audit   '@remix-run/node': [ '1.6.0' ],
36 silly audit   '@remix-run/server-runtime': [ '1.6.0' ],
36 silly audit   '@types/cookie': [ '0.4.1' ],
36 silly audit   cookie: [ '0.4.2' ],
36 silly audit   '@remix-run/react': [ '1.6.0' ],
36 silly audit   '@remix-run/router': [ '1.17.1' ],
36 silly audit   '@remix-run/web-blob': [ '3.1.0' ],
36 silly audit   '@remix-run/web-fetch': [ '4.4.2' ],
36 silly audit   '@remix-run/web-file': [ '3.1.0' ],
36 silly audit   '@remix-run/web-form-data': [ '3.1.0' ],
36 silly audit   '@remix-run/web-stream': [ '1.1.0' ],
36 silly audit   '@rollup/rollup-android-arm-eabi': [ '4.18.0' ],
36 silly audit   '@rollup/rollup-android-arm64': [ '4.18.0' ],
36 silly audit   '@rollup/rollup-darwin-arm64': [ '4.18.0' ],
36 silly audit   '@rollup/rollup-darwin-x64': [ '4.18.0' ],
36 silly audit   '@rollup/rollup-linux-arm-gnueabihf': [ '4.18.0' ],
36 silly audit   '@rollup/rollup-linux-arm-musleabihf': [ '4.18.0' ],
36 silly audit   '@rollup/rollup-linux-arm64-gnu': [ '4.18.0' ],
36 silly audit   '@rollup/rollup-linux-arm64-musl': [ '4.18.0' ],
36 silly audit   '@rollup/rollup-linux-powerpc64le-gnu': [ '4.18.0' ],
36 silly audit   '@rollup/rollup-linux-riscv64-gnu': [ '4.18.0' ],
36 silly audit   '@rollup/rollup-linux-s390x-gnu': [ '4.18.0' ],
36 silly audit   '@rollup/rollup-linux-x64-gnu': [ '4.18.0' ],
36 silly audit   '@rollup/rollup-linux-x64-musl': [ '4.18.0' ],
36 silly audit   '@rollup/rollup-win32-arm64-msvc': [ '4.18.0' ],
36 silly audit   '@rollup/rollup-win32-ia32-msvc': [ '4.18.0' ],
36 silly audit   '@rollup/rollup-win32-x64-msvc': [ '4.18.0' ],
36 silly audit   '@rushstack/eslint-patch': [ '1.10.3' ],
36 silly audit   '@shopify/app-bridge': [ '3.7.10', '2.3.1' ],
36 silly audit   '@shopify/app-bridge-core': [ '1.1.1' ],
36 silly audit   '@shopify/app-bridge-react': [ '2.3.1' ],
36 silly audit   '@shopify/app-bridge-utils': [ '3.5.1' ],
36 silly audit   '@shopify/polaris': [ '9.24.0' ],
36 silly audit   '@shopify/polaris-icons': [ '5.4.0' ],
36 silly audit   '@shopify/polaris-tokens': [ '5.5.2' ],
36 silly audit   '@testing-library/dom': [ '8.20.1' ],
36 silly audit   '@types/aria-query': [ '5.0.4' ],
36 silly audit   '@types/estree': [ '1.0.5' ],
36 silly audit   '@types/json-schema': [ '7.0.15' ],
36 silly audit   '@types/json5': [ '0.0.29' ],
36 silly audit   '@types/prop-types': [ '15.7.12' ],
36 silly audit   '@types/react': [ '18.3.3', '17.0.80' ],
36 silly audit   '@types/react-dom': [ '17.0.25' ],
36 silly audit   '@types/react-transition-group': [ '4.4.10' ],
36 silly audit   '@types/scheduler': [ '0.16.8' ],
36 silly audit   '@types/semver': [ '7.5.8' ],
36 silly audit   'brace-expansion': [ '2.0.1', '1.1.11' ],
36 silly audit   minimatch: [ '9.0.5', '3.1.2' ],
36 silly audit   '@web3-storage/multipart-parser': [ '1.0.0' ],
36 silly audit   '@zxing/text-encoding': [ '0.9.0' ],
36 silly audit   'abort-controller': [ '3.0.0' ],
36 silly audit   'ansi-regex': [ '5.0.1' ],
36 silly audit   'aria-query': [ '5.1.3' ],
36 silly audit   'array-buffer-byte-length': [ '1.0.1' ],
36 silly audit   'array-includes': [ '3.1.8' ],
36 silly audit   'array-union': [ '2.1.0' ],
36 silly audit   'array.prototype.findlast': [ '1.2.5' ],
36 silly audit   'array.prototype.findlastindex': [ '1.2.5' ],
36 silly audit   'array.prototype.flat': [ '1.3.2' ],
36 silly audit   'array.prototype.flatmap': [ '1.3.2' ],
36 silly audit   'array.prototype.toreversed': [ '1.1.2' ],
36 silly audit   'array.prototype.tosorted': [ '1.1.4' ],
36 silly audit   'arraybuffer.prototype.slice': [ '1.0.3' ],
36 silly audit   'ast-types-flow': [ '0.0.8' ],
36 silly audit   'available-typed-arrays': [ '1.0.7' ],
36 silly audit   'axe-core': [ '4.9.1' ],
36 silly audit   'axobject-query': [ '3.1.1' ],
36 silly audit   'balanced-match': [ '1.0.2' ],
36 silly audit   base64url: [ '3.0.1' ],
36 silly audit   braces: [ '3.0.3' ],
36 silly audit   browserslist: [ '4.23.1' ],
36 silly audit   'buffer-from': [ '1.1.2' ],
36 silly audit   'call-bind': [ '1.0.7' ],
36 silly audit   'caniuse-lite': [ '1.0.30001640' ],
36 silly audit   'concat-map': [ '0.0.1' ],
36 silly audit   'convert-source-map': [ '2.0.0' ],
36 silly audit   'cookie-signature': [ '1.2.1' ],
36 silly audit   csstype: [ '3.1.3' ],
36 silly audit   'damerau-levenshtein': [ '1.0.8' ],
36 silly audit   'data-uri-to-buffer': [ '3.0.1' ],
36 silly audit   'data-view-buffer': [ '1.0.1' ],
36 silly audit   'data-view-byte-length': [ '1.0.1' ],
36 silly audit   'data-view-byte-offset': [ '1.0.0' ],
36 silly audit   debug: [ '4.3.5', '3.2.7' ],
36 silly audit   'deep-equal': [ '2.2.3' ],
36 silly audit   'define-data-property': [ '1.1.4' ],
36 silly audit   'define-properties': [ '1.2.1' ],
36 silly audit   'dir-glob': [ '3.0.1' ],
36 silly audit   'dom-accessibility-api': [ '0.5.16' ],
36 silly audit   'dom-helpers': [ '5.2.1' ],
36 silly audit   'electron-to-chromium': [ '1.4.818' ],
36 silly audit   'emoji-regex': [ '9.2.2' ],
36 silly audit   'enhanced-resolve': [ '5.17.0' ],
36 silly audit   'es-abstract': [ '1.23.3' ],
36 silly audit   'es-define-property': [ '1.0.0' ],
36 silly audit   'es-errors': [ '1.3.0' ],
36 silly audit   'es-get-iterator': [ '1.1.3' ],
36 silly audit   'es-iterator-helpers': [ '1.0.19' ],
36 silly audit   'es-object-atoms': [ '1.0.0' ],
36 silly audit   'es-set-tostringtag': [ '2.0.3' ],
36 silly audit   'es-shim-unscopables': [ '1.0.2' ],
36 silly audit   'es-to-primitive': [ '1.2.1' ],
36 silly audit   esbuild: [ '0.21.5' ],
36 silly audit   escalade: [ '3.1.2' ],
36 silly audit   'eslint-import-resolver-node': [ '0.3.7', '0.3.9' ],
36 silly audit   'eslint-import-resolver-typescript': [ '3.6.1' ],
36 silly audit   'eslint-module-utils': [ '2.8.1' ],
36 silly audit   'eslint-plugin-es': [ '3.0.1' ],
36 silly audit   doctrine: [ '2.1.0' ],
36 silly audit   json5: [ '2.2.3', '1.0.2' ],
36 silly audit   'eslint-plugin-jest': [ '26.9.0' ],
36 silly audit   'eslint-plugin-jest-dom': [ '4.0.3' ],
36 silly audit   'eslint-plugin-node': [ '11.1.0' ],
36 silly audit   resolve: [ '1.22.8', '2.0.0-next.5' ],
36 silly audit   'eslint-plugin-testing-library': [ '5.11.1' ],
36 silly audit   'eslint-utils': [ '2.1.0' ],
36 silly audit   esrecurse: [ '4.3.0' ],
36 silly audit   esutils: [ '2.0.3' ],
36 silly audit   'event-target-shim': [ '5.0.1' ],
36 silly audit   'fast-diff': [ '1.3.0' ],
36 silly audit   'fast-glob': [ '3.3.2' ],
36 silly audit   'glob-parent': [ '5.1.2' ],
36 silly audit   fastq: [ '1.17.1' ],
36 silly audit   'fill-range': [ '7.1.1' ],
36 silly audit   'for-each': [ '0.3.3' ],
36 silly audit   fsevents: [ '2.3.3' ],
36 silly audit   'function-bind': [ '1.1.2' ],
36 silly audit   'function.prototype.name': [ '1.1.6' ],
36 silly audit   'functions-have-names': [ '1.2.3' ],
36 silly audit   gensync: [ '1.0.0-beta.2' ],
36 silly audit   'get-intrinsic': [ '1.2.4' ],
36 silly audit   'get-symbol-description': [ '1.0.2' ],
36 silly audit   'get-tsconfig': [ '4.7.5' ],
36 silly audit   globalthis: [ '1.0.4' ],
36 silly audit   globby: [ '11.1.0' ],
36 silly audit   gopd: [ '1.0.1' ],
36 silly audit   'graceful-fs': [ '4.2.11' ],
36 silly audit   graphemer: [ '1.4.0' ],
36 silly audit   'has-bigints': [ '1.0.2' ],
36 silly audit   'has-property-descriptors': [ '1.0.2' ],
36 silly audit   'has-proto': [ '1.0.3' ],
36 silly audit   'has-symbols': [ '1.0.3' ],
36 silly audit   'has-tostringtag': [ '1.0.2' ],
36 silly audit   hasown: [ '2.0.2' ],
36 silly audit   history: [ '5.3.0' ],
36 silly audit   ignore: [ '5.3.1' ],
36 silly audit   inherits: [ '2.0.4' ],
36 silly audit   'internal-slot': [ '1.0.7' ],
36 silly audit   'is-arguments': [ '1.1.1' ],
36 silly audit   'is-array-buffer': [ '3.0.4' ],
36 silly audit   'is-async-function': [ '2.0.0' ],
36 silly audit   'is-bigint': [ '1.0.4' ],
36 silly audit   'is-boolean-object': [ '1.1.2' ],
36 silly audit   'is-callable': [ '1.2.7' ],
36 silly audit   'is-core-module': [ '2.14.0' ],
36 silly audit   'is-data-view': [ '1.0.1' ],
36 silly audit   'is-date-object': [ '1.0.5' ],
36 silly audit   'is-extglob': [ '2.1.1' ],
36 silly audit   'is-finalizationregistry': [ '1.0.2' ],
36 silly audit   'is-generator-function': [ '1.0.10' ],
36 silly audit   'is-glob': [ '4.0.3' ],
36 silly audit   'is-map': [ '2.0.3' ],
36 silly audit   'is-negative-zero': [ '2.0.3' ],
36 silly audit   'is-number': [ '7.0.0' ],
36 silly audit   'is-number-object': [ '1.0.7' ],
36 silly audit   'is-regex': [ '1.1.4' ],
36 silly audit   'is-set': [ '2.0.3' ],
36 silly audit   'is-shared-array-buffer': [ '1.0.3' ],
36 silly audit   'is-string': [ '1.0.7' ],
36 silly audit   'is-symbol': [ '1.0.4' ],
36 silly audit   'is-typed-array': [ '1.1.13' ],
36 silly audit   'is-weakmap': [ '2.0.2' ],
36 silly audit   'is-weakref': [ '1.0.2' ],
36 silly audit   'is-weakset': [ '2.0.3' ],
36 silly audit   isarray: [ '2.0.5' ],
36 silly audit   'iterator.prototype': [ '1.1.2' ],
36 silly audit   'js-tokens': [ '4.0.0' ],
36 silly audit   'jsx-ast-utils': [ '3.3.5' ],
36 silly audit   'language-subtag-registry': [ '0.3.23' ],
36 silly audit   'language-tags': [ '1.0.9' ],
36 silly audit   'loose-envify': [ '1.4.0' ],
36 silly audit   'lru-cache': [ '5.1.1' ],
36 silly audit   'lz-string': [ '1.5.0' ],
36 silly audit   merge2: [ '1.4.1' ],
36 silly audit   micromatch: [ '4.0.7' ],
36 silly audit   minimist: [ '1.2.8' ],
36 silly audit   mrmime: [ '1.0.1' ],
36 silly audit   ms: [ '2.1.2' ],
36 silly audit   nanoid: [ '3.3.7' ],
36 silly audit   'natural-compare': [ '1.4.0' ],
36 silly audit   'natural-compare-lite': [ '1.4.0' ],
36 silly audit   'node-releases': [ '2.0.14' ],
36 silly audit   'object-assign': [ '4.1.1' ],
36 silly audit   'object-inspect': [ '1.13.2' ],
36 silly audit   'object-is': [ '1.1.6' ],
36 silly audit   'object-keys': [ '1.1.1' ],
36 silly audit   'object.assign': [ '4.1.5' ],
36 silly audit   'object.entries': [ '1.1.8' ],
36 silly audit   'object.fromentries': [ '2.0.8' ],
36 silly audit   'object.groupby': [ '1.0.3' ],
36 silly audit   'object.hasown': [ '1.1.4' ],
36 silly audit   'object.values': [ '1.2.0' ],
36 silly audit   'path-parse': [ '1.0.7' ],
36 silly audit   'path-type': [ '4.0.0' ],
36 silly audit   picocolors: [ '1.0.1' ],
36 silly audit   picomatch: [ '2.3.1' ],
36 silly audit   'possible-typed-array-names': [ '1.0.0' ],
36 silly audit   postcss: [ '8.4.39' ],
36 silly audit   prettier: [ '3.3.2' ],
36 silly audit   'prettier-linter-helpers': [ '1.0.0' ],
36 silly audit   'pretty-format': [ '27.5.1' ],
36 silly audit   'prop-types': [ '15.8.1' ],
36 silly audit   'react-is': [ '16.13.1', '17.0.2' ],
36 silly audit   'queue-microtask': [ '1.2.3' ],
36 silly audit   react: [ '17.0.2' ],
36 silly audit   'react-dom': [ '17.0.2' ],
36 silly audit   'react-fast-compare': [ '3.2.2' ],
36 silly audit   'react-router': [ '6.24.1' ],
36 silly audit   'react-router-dom': [ '6.24.1' ],
36 silly audit   'react-transition-group': [ '4.4.5' ],
36 silly audit   'reflect.getprototypeof': [ '1.0.6' ],
36 silly audit   'regenerator-runtime': [ '0.14.1' ],
36 silly audit   'regexp.prototype.flags': [ '1.5.2' ],
36 silly audit   regexpp: [ '3.2.0' ],
36 silly audit   requireindex: [ '1.2.0' ],
36 silly audit   'resolve-pkg-maps': [ '1.0.0' ],
36 silly audit   reusify: [ '1.0.4' ],
36 silly audit   rollup: [ '4.18.0' ],
36 silly audit   'run-parallel': [ '1.2.0' ],
36 silly audit   'safe-array-concat': [ '1.1.2' ],
36 silly audit   'safe-regex-test': [ '1.0.3' ],
36 silly audit   scheduler: [ '0.20.2' ],
36 silly audit   'set-cookie-parser': [ '2.6.0' ],
36 silly audit   'set-function-length': [ '1.2.2' ],
36 silly audit   'set-function-name': [ '2.0.2' ],
36 silly audit   'side-channel': [ '1.0.6' ],
36 silly audit   slash: [ '3.0.0' ],
36 silly audit   'source-map': [ '0.7.4', '0.6.1' ],
36 silly audit   'source-map-js': [ '1.2.0' ],
36 silly audit   'source-map-support': [ '0.5.21' ],
36 silly audit   'stop-iteration-iterator': [ '1.0.0' ],
36 silly audit   'stream-slice': [ '0.1.2' ],
36 silly audit   'string.prototype.includes': [ '2.0.0' ],
36 silly audit   'string.prototype.matchall': [ '4.0.11' ],
36 silly audit   'string.prototype.trim': [ '1.2.9' ],
36 silly audit   'string.prototype.trimend': [ '1.0.8' ],
36 silly audit   'string.prototype.trimstart': [ '1.0.8' ],
36 silly audit   'strip-bom': [ '3.0.0' ],
36 silly audit   'supports-preserve-symlinks-flag': [ '1.0.0' ],
36 silly audit   synckit: [ '0.8.8' ],
36 silly audit   tapable: [ '2.2.1' ],
36 silly audit   'to-fast-properties': [ '2.0.0' ],
36 silly audit   'to-regex-range': [ '5.0.1' ],
36 silly audit   'ts-api-utils': [ '1.3.0' ],
36 silly audit   tslib: [ '2.6.3', '1.14.1' ],
36 silly audit   tsutils: [ '3.21.0' ],
36 silly audit   'typed-array-buffer': [ '1.0.2' ],
36 silly audit   'typed-array-byte-length': [ '1.0.1' ],
36 silly audit   'typed-array-byte-offset': [ '1.0.2' ],
36 silly audit   'typed-array-length': [ '1.0.6' ],
36 silly audit   typescript: [ '5.1.6' ],
36 silly audit   'unbox-primitive': [ '1.0.2' ],
36 silly audit   'undici-types': [ '5.26.5' ],
36 silly audit   'update-browserslist-db': [ '1.1.0' ],
36 silly audit   util: [ '0.12.5' ],
36 silly audit   vite: [ '5.3.3' ],
36 silly audit   'web-encoding': [ '1.1.5' ],
36 silly audit   'web-streams-polyfill': [ '3.3.3' ],
36 silly audit   'web-vitals': [ '3.5.2' ],
36 silly audit   'which-boxed-primitive': [ '1.0.2' ],
36 silly audit   'which-builtin-type': [ '1.1.3' ],
36 silly audit   'which-collection': [ '1.0.2' ],
36 silly audit   'which-typed-array': [ '1.1.15' ],
36 silly audit   yallist: [ '3.1.1' ],
36 silly audit   '@types/node': [ '18.19.39' ],
36 silly audit   'eslint-config-prettier': [ '9.1.0' ],
36 silly audit   'eslint-plugin-import': [ '2.29.1' ],
36 silly audit   'tsconfig-paths': [ '3.15.0' ],
36 silly audit   'eslint-plugin-jsx-a11y': [ '6.9.0' ],
36 silly audit   'eslint-plugin-prettier': [ '5.1.3' ],
36 silly audit   'eslint-plugin-react': [ '7.34.3' ],
36 silly audit   'eslint-plugin-react-hooks': [ '4.6.2' ]
36 silly audit }
37 verbose reify failed optional dependency /Users/damionrashford/reservation-app/node_modules/@rollup/rollup-win32-x64-msvc
38 silly reify mark deleted [
38 silly reify   '/Users/damionrashford/reservation-app/node_modules/@rollup/rollup-win32-x64-msvc'
38 silly reify ]
39 verbose reify failed optional dependency /Users/damionrashford/reservation-app/node_modules/@rollup/rollup-win32-ia32-msvc
40 silly reify mark deleted [
40 silly reify   '/Users/damionrashford/reservation-app/node_modules/@rollup/rollup-win32-ia32-msvc'
40 silly reify ]
41 verbose reify failed optional dependency /Users/damionrashford/reservation-app/node_modules/@rollup/rollup-win32-arm64-msvc
42 silly reify mark deleted [
42 silly reify   '/Users/damionrashford/reservation-app/node_modules/@rollup/rollup-win32-arm64-msvc'
42 silly reify ]
43 verbose reify failed optional dependency /Users/damionrashford/reservation-app/node_modules/@rollup/rollup-linux-x64-musl
44 silly reify mark deleted [
44 silly reify   '/Users/damionrashford/reservation-app/node_modules/@rollup/rollup-linux-x64-musl'
44 silly reify ]
45 verbose reify failed optional dependency /Users/damionrashford/reservation-app/node_modules/@rollup/rollup-linux-x64-gnu
46 silly reify mark deleted [
46 silly reify   '/Users/damionrashford/reservation-app/node_modules/@rollup/rollup-linux-x64-gnu'
46 silly reify ]
47 verbose reify failed optional dependency /Users/damionrashford/reservation-app/node_modules/@rollup/rollup-linux-s390x-gnu
48 silly reify mark deleted [
48 silly reify   '/Users/damionrashford/reservation-app/node_modules/@rollup/rollup-linux-s390x-gnu'
48 silly reify ]
49 verbose reify failed optional dependency /Users/damionrashford/reservation-app/node_modules/@rollup/rollup-linux-riscv64-gnu
50 silly reify mark deleted [
50 silly reify   '/Users/damionrashford/reservation-app/node_modules/@rollup/rollup-linux-riscv64-gnu'
50 silly reify ]
51 verbose reify failed optional dependency /Users/damionrashford/reservation-app/node_modules/@rollup/rollup-linux-powerpc64le-gnu
52 silly reify mark deleted [
52 silly reify   '/Users/damionrashford/reservation-app/node_modules/@rollup/rollup-linux-powerpc64le-gnu'
52 silly reify ]
53 verbose reify failed optional dependency /Users/damionrashford/reservation-app/node_modules/@rollup/rollup-linux-arm64-musl
54 silly reify mark deleted [
54 silly reify   '/Users/damionrashford/reservation-app/node_modules/@rollup/rollup-linux-arm64-musl'
54 silly reify ]
55 verbose reify failed optional dependency /Users/damionrashford/reservation-app/node_modules/@rollup/rollup-linux-arm64-gnu
56 silly reify mark deleted [
56 silly reify   '/Users/damionrashford/reservation-app/node_modules/@rollup/rollup-linux-arm64-gnu'
56 silly reify ]
57 verbose reify failed optional dependency /Users/damionrashford/reservation-app/node_modules/@rollup/rollup-linux-arm-musleabihf
58 silly reify mark deleted [
58 silly reify   '/Users/damionrashford/reservation-app/node_modules/@rollup/rollup-linux-arm-musleabihf'
58 silly reify ]
59 verbose reify failed optional dependency /Users/damionrashford/reservation-app/node_modules/@rollup/rollup-linux-arm-gnueabihf
60 silly reify mark deleted [
60 silly reify   '/Users/damionrashford/reservation-app/node_modules/@rollup/rollup-linux-arm-gnueabihf'
60 silly reify ]
61 verbose reify failed optional dependency /Users/damionrashford/reservation-app/node_modules/@rollup/rollup-darwin-x64
62 silly reify mark deleted [
62 silly reify   '/Users/damionrashford/reservation-app/node_modules/@rollup/rollup-darwin-x64'
62 silly reify ]
63 verbose reify failed optional dependency /Users/damionrashford/reservation-app/node_modules/@rollup/rollup-android-arm64
64 silly reify mark deleted [
64 silly reify   '/Users/damionrashford/reservation-app/node_modules/@rollup/rollup-android-arm64'
64 silly reify ]
65 verbose reify failed optional dependency /Users/damionrashford/reservation-app/node_modules/@rollup/rollup-android-arm-eabi
66 silly reify mark deleted [
66 silly reify   '/Users/damionrashford/reservation-app/node_modules/@rollup/rollup-android-arm-eabi'
66 silly reify ]
67 verbose reify failed optional dependency /Users/damionrashford/reservation-app/node_modules/@esbuild/win32-x64
68 silly reify mark deleted [
68 silly reify   '/Users/damionrashford/reservation-app/node_modules/@esbuild/win32-x64'
68 silly reify ]
69 verbose reify failed optional dependency /Users/damionrashford/reservation-app/node_modules/@esbuild/win32-ia32
70 silly reify mark deleted [
70 silly reify   '/Users/damionrashford/reservation-app/node_modules/@esbuild/win32-ia32'
70 silly reify ]
71 verbose reify failed optional dependency /Users/damionrashford/reservation-app/node_modules/@esbuild/win32-arm64
72 silly reify mark deleted [
72 silly reify   '/Users/damionrashford/reservation-app/node_modules/@esbuild/win32-arm64'
72 silly reify ]
73 verbose reify failed optional dependency /Users/damionrashford/reservation-app/node_modules/@esbuild/sunos-x64
74 silly reify mark deleted [
74 silly reify   '/Users/damionrashford/reservation-app/node_modules/@esbuild/sunos-x64'
74 silly reify ]
75 verbose reify failed optional dependency /Users/damionrashford/reservation-app/node_modules/@esbuild/openbsd-x64
76 silly reify mark deleted [
76 silly reify   '/Users/damionrashford/reservation-app/node_modules/@esbuild/openbsd-x64'
76 silly reify ]
77 verbose reify failed optional dependency /Users/damionrashford/reservation-app/node_modules/@esbuild/netbsd-x64
78 silly reify mark deleted [
78 silly reify   '/Users/damionrashford/reservation-app/node_modules/@esbuild/netbsd-x64'
78 silly reify ]
79 verbose reify failed optional dependency /Users/damionrashford/reservation-app/node_modules/@esbuild/linux-x64
80 silly reify mark deleted [
80 silly reify   '/Users/damionrashford/reservation-app/node_modules/@esbuild/linux-x64'
80 silly reify ]
81 verbose reify failed optional dependency /Users/damionrashford/reservation-app/node_modules/@esbuild/linux-s390x
82 silly reify mark deleted [
82 silly reify   '/Users/damionrashford/reservation-app/node_modules/@esbuild/linux-s390x'
82 silly reify ]
83 verbose reify failed optional dependency /Users/damionrashford/reservation-app/node_modules/@esbuild/linux-riscv64
84 silly reify mark deleted [
84 silly reify   '/Users/damionrashford/reservation-app/node_modules/@esbuild/linux-riscv64'
84 silly reify ]
85 verbose reify failed optional dependency /Users/damionrashford/reservation-app/node_modules/@esbuild/linux-ppc64
86 silly reify mark deleted [
86 silly reify   '/Users/damionrashford/reservation-app/node_modules/@esbuild/linux-ppc64'
86 silly reify ]
87 verbose reify failed optional dependency /Users/damionrashford/reservation-app/node_modules/@esbuild/linux-mips64el
88 silly reify mark deleted [
88 silly reify   '/Users/damionrashford/reservation-app/node_modules/@esbuild/linux-mips64el'
88 silly reify ]
89 verbose reify failed optional dependency /Users/damionrashford/reservation-app/node_modules/@esbuild/linux-loong64
90 silly reify mark deleted [
90 silly reify   '/Users/damionrashford/reservation-app/node_modules/@esbuild/linux-loong64'
90 silly reify ]
91 verbose reify failed optional dependency /Users/damionrashford/reservation-app/node_modules/@esbuild/linux-ia32
92 silly reify mark deleted [
92 silly reify   '/Users/damionrashford/reservation-app/node_modules/@esbuild/linux-ia32'
92 silly reify ]
93 verbose reify failed optional dependency /Users/damionrashford/reservation-app/node_modules/@esbuild/linux-arm64
94 silly reify mark deleted [
94 silly reify   '/Users/damionrashford/reservation-app/node_modules/@esbuild/linux-arm64'
94 silly reify ]
95 verbose reify failed optional dependency /Users/damionrashford/reservation-app/node_modules/@esbuild/linux-arm
96 silly reify mark deleted [
96 silly reify   '/Users/damionrashford/reservation-app/node_modules/@esbuild/linux-arm'
96 silly reify ]
97 verbose reify failed optional dependency /Users/damionrashford/reservation-app/node_modules/@esbuild/freebsd-x64
98 silly reify mark deleted [
98 silly reify   '/Users/damionrashford/reservation-app/node_modules/@esbuild/freebsd-x64'
98 silly reify ]
99 verbose reify failed optional dependency /Users/damionrashford/reservation-app/node_modules/@esbuild/freebsd-arm64
100 silly reify mark deleted [
100 silly reify   '/Users/damionrashford/reservation-app/node_modules/@esbuild/freebsd-arm64'
100 silly reify ]
101 verbose reify failed optional dependency /Users/damionrashford/reservation-app/node_modules/@esbuild/darwin-x64
102 silly reify mark deleted [
102 silly reify   '/Users/damionrashford/reservation-app/node_modules/@esbuild/darwin-x64'
102 silly reify ]
103 verbose reify failed optional dependency /Users/damionrashford/reservation-app/node_modules/@esbuild/android-x64
104 silly reify mark deleted [
104 silly reify   '/Users/damionrashford/reservation-app/node_modules/@esbuild/android-x64'
104 silly reify ]
105 verbose reify failed optional dependency /Users/damionrashford/reservation-app/node_modules/@esbuild/android-arm64
106 silly reify mark deleted [
106 silly reify   '/Users/damionrashford/reservation-app/node_modules/@esbuild/android-arm64'
106 silly reify ]
107 verbose reify failed optional dependency /Users/damionrashford/reservation-app/node_modules/@esbuild/android-arm
108 silly reify mark deleted [
108 silly reify   '/Users/damionrashford/reservation-app/node_modules/@esbuild/android-arm'
108 silly reify ]
109 verbose reify failed optional dependency /Users/damionrashford/reservation-app/node_modules/@esbuild/aix-ppc64
110 silly reify mark deleted [
110 silly reify   '/Users/damionrashford/reservation-app/node_modules/@esbuild/aix-ppc64'
110 silly reify ]
111 http fetch POST 200 https://registry.npmjs.org/-/npm/v1/security/advisories/bulk 186ms
112 silly audit report {}
113 silly ADD
114 silly ADD
115 silly ADD
116 silly ADD
117 silly ADD
118 silly ADD
119 silly ADD
120 silly ADD
121 silly ADD
122 silly ADD
123 silly ADD
124 silly ADD
125 silly ADD
126 silly ADD
127 silly ADD
128 silly ADD
129 silly ADD
130 silly ADD
131 silly ADD
132 silly ADD
133 silly ADD
134 silly ADD
135 silly ADD
136 silly ADD
137 silly ADD
138 silly ADD
139 silly ADD
140 silly ADD
141 silly ADD
142 silly ADD
143 silly ADD
144 silly ADD
145 silly ADD
146 silly ADD
147 silly ADD
148 silly ADD
149 silly ADD
150 verbose exit 0
151 info ok
