0 verbose cli /opt/homebrew/Cellar/node/22.2.0/bin/node /opt/homebrew/bin/npm
1 info using npm@10.7.0
2 info using node@v22.2.0
3 silly config:load:file:/opt/homebrew/lib/node_modules/npm/npmrc
4 silly config:load:file:/Users/damionrashford/reservation-app/.npmrc
5 silly config:load:file:/Users/damionrashford/.npmrc
6 silly config:load:file:/opt/homebrew/etc/npmrc
7 verbose title npm install @prisma/client isbot toml node-cron @shopify/shopify-api
8 verbose argv "install" "@prisma/client" "isbot" "toml" "node-cron" "@shopify/shopify-api" "--save"
9 verbose logfile logs-max:10 dir:/Users/damionrashford/.npm/_logs/2024-07-07T03_53_14_801Z-
10 verbose logfile /Users/damionrashford/.npm/_logs/2024-07-07T03_53_14_801Z-debug-0.log
11 silly logfile start cleaning logs, removing 1 files
12 silly logfile done cleaning log files
13 silly idealTree buildDeps
14 silly fetch manifest @prisma/client@*
15 http fetch GET 200 https://registry.npmjs.org/@prisma%2fclient 100ms (cache hit)
16 silly fetch manifest prisma@*
17 http fetch GET 200 https://registry.npmjs.org/prisma 79ms (cache hit)
18 silly fetch manifest isbot@*
19 http fetch GET 200 https://registry.npmjs.org/isbot 4ms (cache hit)
20 silly fetch manifest toml@*
21 http fetch GET 200 https://registry.npmjs.org/toml 2ms (cache hit)
22 silly fetch manifest node-cron@*
23 http fetch GET 200 https://registry.npmjs.org/node-cron 2ms (cache hit)
24 silly fetch manifest @shopify/shopify-api@*
25 http fetch GET 200 https://registry.npmjs.org/@shopify%2fshopify-api 2ms (cache hit)
26 silly placeDep ROOT @prisma/client@5.16.1 OK for: reservation-app@1.0.0 want: *
27 silly placeDep ROOT @shopify/shopify-api@11.1.0 OK for: reservation-app@1.0.0 want: *
28 silly placeDep ROOT isbot@5.1.11 OK for: reservation-app@1.0.0 want: *
29 silly placeDep ROOT node-cron@3.0.3 OK for: reservation-app@1.0.0 want: *
30 silly placeDep ROOT toml@3.0.0 OK for: reservation-app@1.0.0 want: *
31 silly fetch manifest @shopify/admin-api-client@^1.0.0
32 silly fetch manifest @shopify/network@^3.3.0
33 silly fetch manifest @shopify/storefront-api-client@^1.0.0
34 silly fetch manifest compare-versions@^6.1.0
35 silly fetch manifest isbot@^5.1.9
36 silly fetch manifest jose@^5.4.1
37 silly fetch manifest node-fetch@^2.6.1
38 silly fetch manifest uuid@^10.0.0
39 http fetch GET 200 https://registry.npmjs.org/@shopify%2fnetwork 6ms (cache hit)
40 silly fetch manifest uuid@8.3.2
41 http fetch GET 200 https://registry.npmjs.org/@shopify%2fstorefront-api-client 6ms (cache hit)
42 http fetch GET 200 https://registry.npmjs.org/compare-versions 7ms (cache hit)
43 http fetch GET 200 https://registry.npmjs.org/@shopify%2fadmin-api-client 8ms (cache hit)
44 http fetch GET 200 https://registry.npmjs.org/node-fetch 8ms (cache hit)
45 http fetch GET 200 https://registry.npmjs.org/uuid 11ms (cache hit)
46 http fetch GET 200 https://registry.npmjs.org/jose 14ms (cache hit)
47 http fetch GET 200 https://registry.npmjs.org/uuid 14ms (cache hit)
48 silly fetch manifest eslint@^7.5.0 || ^8.0.0 || ^9.0.0
49 http fetch GET 200 https://registry.npmjs.org/eslint 3ms (cache hit)
50 silly placeDep ROOT eslint@9.6.0 OK for: @babel/eslint-parser@7.24.7 want: ^7.5.0 || ^8.0.0 || ^9.0.0
51 silly fetch manifest @eslint/config-array@^0.17.0
52 silly fetch manifest @eslint/eslintrc@^3.1.0
53 silly fetch manifest @eslint/js@9.6.0
54 silly fetch manifest @humanwhocodes/module-importer@^1.0.1
55 silly fetch manifest @humanwhocodes/retry@^0.3.0
56 silly fetch manifest ajv@^6.12.4
57 silly fetch manifest cross-spawn@^7.0.2
58 http fetch GET 200 https://registry.npmjs.org/@eslint%2fjs 5ms (cache hit)
59 silly fetch manifest escape-string-regexp@^4.0.0
60 http fetch GET 200 https://registry.npmjs.org/@eslint%2feslintrc 6ms (cache hit)
61 silly fetch manifest eslint-scope@^8.0.1
62 http fetch GET 200 https://registry.npmjs.org/@eslint%2fconfig-array 6ms (cache hit)
63 silly fetch manifest eslint-visitor-keys@^4.0.0
64 http fetch GET 200 https://registry.npmjs.org/@humanwhocodes%2fretry 7ms (cache hit)
65 silly fetch manifest espree@^10.1.0
66 http fetch GET 200 https://registry.npmjs.org/cross-spawn 6ms (cache hit)
67 silly fetch manifest esquery@^1.5.0
68 http fetch GET 200 https://registry.npmjs.org/@humanwhocodes%2fmodule-importer 8ms (cache hit)
69 silly fetch manifest fast-deep-equal@^3.1.3
70 http fetch GET 200 https://registry.npmjs.org/ajv 8ms (cache hit)
71 silly fetch manifest file-entry-cache@^8.0.0
72 http fetch GET 200 https://registry.npmjs.org/escape-string-regexp 10ms (cache hit)
73 silly fetch manifest find-up@^5.0.0
74 http fetch GET 200 https://registry.npmjs.org/eslint-scope 11ms (cache hit)
75 silly fetch manifest glob-parent@^6.0.2
76 http fetch GET 200 https://registry.npmjs.org/eslint-visitor-keys 10ms (cache hit)
77 silly fetch manifest imurmurhash@^0.1.4
78 http fetch GET 200 https://registry.npmjs.org/espree 13ms (cache hit)
79 silly fetch manifest is-path-inside@^3.0.3
80 http fetch GET 200 https://registry.npmjs.org/esquery 13ms (cache hit)
81 silly fetch manifest json-stable-stringify-without-jsonify@^1.0.1
82 http fetch GET 200 https://registry.npmjs.org/fast-deep-equal 14ms (cache hit)
83 silly fetch manifest levn@^0.4.1
84 http fetch GET 200 https://registry.npmjs.org/file-entry-cache 7ms (cache hit)
85 silly fetch manifest lodash.merge@^4.6.2
86 http fetch GET 200 https://registry.npmjs.org/find-up 7ms (cache hit)
87 silly fetch manifest optionator@^0.9.3
88 http fetch GET 200 https://registry.npmjs.org/glob-parent 6ms (cache hit)
89 silly fetch manifest strip-ansi@^6.0.1
90 http fetch GET 200 https://registry.npmjs.org/imurmurhash 7ms (cache hit)
91 silly fetch manifest text-table@^0.2.0
92 http fetch GET 200 https://registry.npmjs.org/is-path-inside 4ms (cache hit)
93 http fetch GET 200 https://registry.npmjs.org/json-stable-stringify-without-jsonify 4ms (cache hit)
94 http fetch GET 200 https://registry.npmjs.org/levn 4ms (cache hit)
95 http fetch GET 200 https://registry.npmjs.org/lodash.merge 3ms (cache hit)
96 http fetch GET 200 https://registry.npmjs.org/optionator 4ms (cache hit)
97 http fetch GET 200 https://registry.npmjs.org/strip-ansi 3ms (cache hit)
98 http fetch GET 200 https://registry.npmjs.org/text-table 3ms (cache hit)
99 silly fetch manifest eslint@^8.0.0
100 silly fetch manifest react@^18.0.0
101 http fetch GET 200 https://registry.npmjs.org/react 7ms (cache hit)
102 silly placeDep ROOT eslint@8.57.0 REPLACE for: @remix-run/eslint-config@2.10.2 want: ^8.0.0
103 verbose stack Error: could not resolve
103 verbose stack     at PlaceDep.failPeerConflict (/opt/homebrew/lib/node_modules/npm/node_modules/@npmcli/arborist/lib/place-dep.js:503:25)
103 verbose stack     at new PlaceDep (/opt/homebrew/lib/node_modules/npm/node_modules/@npmcli/arborist/lib/place-dep.js:157:21)
103 verbose stack     at #buildDepStep (/opt/homebrew/lib/node_modules/npm/node_modules/@npmcli/arborist/lib/arborist/build-ideal-tree.js:939:18)
103 verbose stack     at async Arborist.buildIdealTree (/opt/homebrew/lib/node_modules/npm/node_modules/@npmcli/arborist/lib/arborist/build-ideal-tree.js:203:7)
103 verbose stack     at async Promise.all (index 1)
103 verbose stack     at async Arborist.reify (/opt/homebrew/lib/node_modules/npm/node_modules/@npmcli/arborist/lib/arborist/reify.js:131:5)
103 verbose stack     at async Install.exec (/opt/homebrew/lib/node_modules/npm/lib/commands/install.js:150:5)
103 verbose stack     at async module.exports (/opt/homebrew/lib/node_modules/npm/lib/cli/entry.js:74:5)
104 verbose cwd /Users/damionrashford/reservation-app
105 verbose Darwin 23.5.0
106 verbose node v22.2.0
107 verbose npm  v10.7.0
108 error code ERESOLVE
109 error ERESOLVE could not resolve
110 error
111 error While resolving: @remix-run/eslint-config@2.10.2
111 error Found: react@17.0.2[2m[22m
111 error [2mnode_modules/react[22m
111 error   [95mpeer[39m react@">=16.8" from @remix-run/server-runtime@1.6.0[2m[22m
111 error   [2mnode_modules/@remix-run/node/node_modules/@remix-run/server-runtime[22m
111 error     @remix-run/server-runtime@"1.6.0" from @remix-run/node@1.6.0[2m[22m
111 error     [2mnode_modules/@remix-run/node[22m
111 error       [34mdev[39m @remix-run/node@"^1.6.0" from the root project
111 error   [95mpeer[39m react@">=16.8" from @remix-run/react@1.6.0[2m[22m
111 error   [2mnode_modules/@remix-run/react[22m
111 error     [34mdev[39m @remix-run/react@"^1.6.0" from the root project
111 error   7 more (@shopify/app-bridge-react, @shopify/polaris, ...)
111 error
111 error Could not resolve dependency:
111 error [95mpeer[39m react@"^18.0.0" from @remix-run/eslint-config@2.10.2[2m[22m
111 error [2mnode_modules/@remix-run/eslint-config[22m
111 error   [34mdev[39m @remix-run/eslint-config@"^2.10.2" from the root project
111 error
111 error Conflicting peer dependency: react@18.3.1[2m[22m
111 error [2mnode_modules/react[22m
111 error   [95mpeer[39m react@"^18.0.0" from @remix-run/eslint-config@2.10.2[2m[22m
111 error   [2mnode_modules/@remix-run/eslint-config[22m
111 error     [34mdev[39m @remix-run/eslint-config@"^2.10.2" from the root project
111 error
111 error Fix the upstream dependency conflict, or retry
111 error this command with --force or --legacy-peer-deps
111 error to accept an incorrect (and potentially broken) dependency resolution.
112 error
112 error
112 error For a full report see:
112 error /Users/damionrashford/.npm/_logs/2024-07-07T03_53_14_801Z-eresolve-report.txt
113 verbose exit 1
114 verbose code 1
115 silly unfinished npm timer reify 1720324394899
116 silly unfinished npm timer reify:loadTrees 1720324394900
117 silly unfinished npm timer idealTree:buildDeps 1720324394955
118 silly unfinished npm timer idealTree:node_modules/@remix-run/eslint-config 1720324395629
119 error A complete log of this run can be found in: /Users/damionrashford/.npm/_logs/2024-07-07T03_53_14_801Z-debug-0.log
