0 verbose cli /opt/homebrew/Cellar/node/22.2.0/bin/node /opt/homebrew/bin/npm
1 info using npm@10.7.0
2 info using node@v22.2.0
3 silly config:load:file:/opt/homebrew/lib/node_modules/npm/npmrc
4 silly config:load:file:/Users/damionrashford/reservation-app/.npmrc
5 silly config:load:file:/Users/damionrashford/.npmrc
6 silly config:load:file:/opt/homebrew/etc/npmrc
7 verbose title npm install @prisma/client isbot toml node-cron @shopify/shopify-api
8 verbose argv "install" "@prisma/client" "isbot" "toml" "node-cron" "@shopify/shopify-api" "--legacy-peer-deps" "--save"
9 verbose logfile logs-max:10 dir:/Users/damionrashford/.npm/_logs/2024-07-07T03_56_16_867Z-
10 verbose logfile /Users/damionrashford/.npm/_logs/2024-07-07T03_56_16_867Z-debug-0.log
11 silly logfile start cleaning logs, removing 1 files
12 silly logfile done cleaning log files
13 silly idealTree buildDeps
14 silly fetch manifest @prisma/client@*
15 http fetch GET 200 https://registry.npmjs.org/@prisma%2fclient 103ms (cache hit)
16 silly fetch manifest isbot@*
17 http fetch GET 200 https://registry.npmjs.org/isbot 4ms (cache hit)
18 silly fetch manifest toml@*
19 http fetch GET 200 https://registry.npmjs.org/toml 2ms (cache hit)
20 silly fetch manifest node-cron@*
21 http fetch GET 200 https://registry.npmjs.org/node-cron 1ms (cache hit)
22 silly fetch manifest @shopify/shopify-api@*
23 http fetch GET 200 https://registry.npmjs.org/@shopify%2fshopify-api 2ms (cache hit)
24 silly placeDep ROOT @prisma/client@5.16.1 OK for: reservation-app@1.0.0 want: *
25 silly placeDep ROOT @shopify/shopify-api@11.1.0 OK for: reservation-app@1.0.0 want: *
26 silly placeDep ROOT isbot@5.1.11 OK for: reservation-app@1.0.0 want: *
27 silly placeDep ROOT node-cron@3.0.3 OK for: reservation-app@1.0.0 want: *
28 silly placeDep ROOT toml@3.0.0 OK for: reservation-app@1.0.0 want: *
29 silly fetch manifest @shopify/admin-api-client@^1.0.0
30 silly fetch manifest @shopify/network@^3.3.0
31 silly fetch manifest @shopify/storefront-api-client@^1.0.0
32 silly fetch manifest compare-versions@^6.1.0
33 silly fetch manifest isbot@^5.1.9
34 silly fetch manifest jose@^5.4.1
35 silly fetch manifest node-fetch@^2.6.1
36 silly fetch manifest uuid@^10.0.0
37 http fetch GET 200 https://registry.npmjs.org/@shopify%2fstorefront-api-client 7ms (cache hit)
38 silly fetch manifest uuid@8.3.2
39 http fetch GET 200 https://registry.npmjs.org/@shopify%2fadmin-api-client 8ms (cache hit)
40 http fetch GET 200 https://registry.npmjs.org/@shopify%2fnetwork 8ms (cache hit)
41 http fetch GET 200 https://registry.npmjs.org/compare-versions 9ms (cache hit)
42 http fetch GET 200 https://registry.npmjs.org/node-fetch 11ms (cache hit)
43 http fetch GET 200 https://registry.npmjs.org/jose 16ms (cache hit)
44 http fetch GET 200 https://registry.npmjs.org/uuid 19ms (cache hit)
45 http fetch GET 200 https://registry.npmjs.org/uuid 16ms (cache hit)
46 silly placeDep ROOT @shopify/admin-api-client@1.0.0 OK for: @shopify/shopify-api@11.1.0 want: ^1.0.0
47 silly placeDep ROOT @shopify/network@3.3.0 OK for: @shopify/shopify-api@11.1.0 want: ^3.3.0
48 silly placeDep ROOT @shopify/storefront-api-client@1.0.0 OK for: @shopify/shopify-api@11.1.0 want: ^1.0.0
49 silly placeDep ROOT compare-versions@6.1.0 OK for: @shopify/shopify-api@11.1.0 want: ^6.1.0
50 silly placeDep ROOT jose@5.6.3 OK for: @shopify/shopify-api@11.1.0 want: ^5.4.1
51 silly placeDep ROOT node-fetch@2.7.0 OK for: @shopify/shopify-api@11.1.0 want: ^2.6.1
52 silly placeDep ROOT uuid@10.0.0 OK for: @shopify/shopify-api@11.1.0 want: ^10.0.0
53 silly fetch manifest @shopify/graphql-client@^1.0.0
54 silly fetch manifest whatwg-url@^5.0.0
55 http fetch GET 200 https://registry.npmjs.org/whatwg-url 152ms (cache revalidated)
56 http fetch GET 200 https://registry.npmjs.org/@shopify%2fgraphql-client 441ms (cache revalidated)
57 silly placeDep ROOT @shopify/graphql-client@1.0.0 OK for: @shopify/admin-api-client@1.0.0 want: ^1.0.0
58 silly placeDep node_modules/node-cron uuid@8.3.2 OK for: node-cron@3.0.3 want: 8.3.2
59 silly placeDep ROOT whatwg-url@5.0.0 OK for: node-fetch@2.7.0 want: ^5.0.0
60 silly fetch manifest tr46@~0.0.3
61 silly fetch manifest webidl-conversions@^3.0.0
62 http fetch GET 200 https://registry.npmjs.org/webidl-conversions 61ms (cache revalidated)
63 http fetch GET 200 https://registry.npmjs.org/tr46 65ms (cache revalidated)
64 silly placeDep ROOT tr46@0.0.3 OK for: whatwg-url@5.0.0 want: ~0.0.3
65 silly placeDep ROOT webidl-conversions@3.0.1 OK for: whatwg-url@5.0.0 want: ^3.0.0
66 silly reify moves {}
67 silly audit bulk request {
67 silly audit   '@ampproject/remapping': [ '2.3.0' ],
67 silly audit   '@babel/code-frame': [ '7.24.7' ],
67 silly audit   '@babel/compat-data': [ '7.24.7' ],
67 silly audit   '@babel/core': [ '7.24.7' ],
67 silly audit   '@babel/eslint-parser': [ '7.24.7' ],
67 silly audit   'eslint-visitor-keys': [ '2.1.0', '1.3.0', '3.4.3' ],
67 silly audit   '@babel/generator': [ '7.24.7' ],
67 silly audit   jsesc: [ '2.5.2', '3.0.2' ],
67 silly audit   '@babel/helper-annotate-as-pure': [ '7.24.7' ],
67 silly audit   '@babel/helper-compilation-targets': [ '7.24.7' ],
67 silly audit   '@babel/helper-environment-visitor': [ '7.24.7' ],
67 silly audit   '@babel/helper-function-name': [ '7.24.7' ],
67 silly audit   '@babel/helper-hoist-variables': [ '7.24.7' ],
67 silly audit   '@babel/helper-module-imports': [ '7.24.7' ],
67 silly audit   '@babel/helper-module-transforms': [ '7.24.7' ],
67 silly audit   '@babel/helper-plugin-utils': [ '7.24.7' ],
67 silly audit   '@babel/helper-simple-access': [ '7.24.7' ],
67 silly audit   '@babel/helper-split-export-declaration': [ '7.24.7' ],
67 silly audit   '@babel/helper-string-parser': [ '7.24.7' ],
67 silly audit   '@babel/helper-validator-identifier': [ '7.24.7' ],
67 silly audit   '@babel/helper-validator-option': [ '7.24.7' ],
67 silly audit   '@babel/helpers': [ '7.24.7' ],
67 silly audit   '@babel/highlight': [ '7.24.7' ],
67 silly audit   'ansi-styles': [ '3.2.1', '4.3.0', '5.2.0' ],
67 silly audit   chalk: [ '2.4.2', '4.1.2' ],
67 silly audit   'color-convert': [ '1.9.3', '2.0.1' ],
67 silly audit   'color-name': [ '1.1.3', '1.1.4' ],
67 silly audit   'escape-string-regexp': [ '1.0.5' ],
67 silly audit   'has-flag': [ '3.0.0', '4.0.0' ],
67 silly audit   'supports-color': [ '5.5.0', '7.2.0' ],
67 silly audit   '@babel/parser': [ '7.24.7' ],
67 silly audit   '@babel/plugin-syntax-jsx': [ '7.24.7' ],
67 silly audit   '@babel/plugin-transform-react-display-name': [ '7.24.7' ],
67 silly audit   '@babel/plugin-transform-react-jsx': [ '7.24.7' ],
67 silly audit   '@babel/plugin-transform-react-jsx-development': [ '7.24.7' ],
67 silly audit   '@babel/plugin-transform-react-pure-annotations': [ '7.24.7' ],
67 silly audit   '@babel/preset-react': [ '7.24.7' ],
67 silly audit   '@babel/runtime': [ '7.24.7' ],
67 silly audit   '@babel/template': [ '7.24.7' ],
67 silly audit   '@babel/traverse': [ '7.24.7' ],
67 silly audit   globals: [ '11.12.0' ],
67 silly audit   '@babel/types': [ '7.24.7' ],
67 silly audit   '@esbuild/aix-ppc64': [ '0.21.5' ],
67 silly audit   '@esbuild/android-arm': [ '0.21.5' ],
67 silly audit   '@esbuild/android-arm64': [ '0.21.5' ],
67 silly audit   '@esbuild/android-x64': [ '0.21.5' ],
67 silly audit   '@esbuild/darwin-arm64': [ '0.21.5' ],
67 silly audit   '@esbuild/darwin-x64': [ '0.21.5' ],
67 silly audit   '@esbuild/freebsd-arm64': [ '0.21.5' ],
67 silly audit   '@esbuild/freebsd-x64': [ '0.21.5' ],
67 silly audit   '@esbuild/linux-arm': [ '0.21.5' ],
67 silly audit   '@esbuild/linux-arm64': [ '0.21.5' ],
67 silly audit   '@esbuild/linux-ia32': [ '0.21.5' ],
67 silly audit   '@esbuild/linux-loong64': [ '0.21.5' ],
67 silly audit   '@esbuild/linux-mips64el': [ '0.21.5' ],
67 silly audit   '@esbuild/linux-ppc64': [ '0.21.5' ],
67 silly audit   '@esbuild/linux-riscv64': [ '0.21.5' ],
67 silly audit   '@esbuild/linux-s390x': [ '0.21.5' ],
67 silly audit   '@esbuild/linux-x64': [ '0.21.5' ],
67 silly audit   '@esbuild/netbsd-x64': [ '0.21.5' ],
67 silly audit   '@esbuild/openbsd-x64': [ '0.21.5' ],
67 silly audit   '@esbuild/sunos-x64': [ '0.21.5' ],
67 silly audit   '@esbuild/win32-arm64': [ '0.21.5' ],
67 silly audit   '@esbuild/win32-ia32': [ '0.21.5' ],
67 silly audit   '@esbuild/win32-x64': [ '0.21.5' ],
67 silly audit   '@eslint-community/eslint-utils': [ '4.4.0' ],
67 silly audit   '@eslint-community/regexpp': [ '4.11.0' ],
67 silly audit   '@jridgewell/gen-mapping': [ '0.3.5' ],
67 silly audit   '@jridgewell/resolve-uri': [ '3.1.2' ],
67 silly audit   '@jridgewell/set-array': [ '1.2.1' ],
67 silly audit   '@jridgewell/sourcemap-codec': [ '1.4.15' ],
67 silly audit   '@jridgewell/trace-mapping': [ '0.3.25' ],
67 silly audit   '@nicolo-ribaudo/eslint-scope-5-internals': [ '5.1.1-v1' ],
67 silly audit   'eslint-scope': [ '5.1.1' ],
67 silly audit   estraverse: [ '4.3.0', '5.3.0' ],
67 silly audit   '@nodelib/fs.scandir': [ '2.1.5' ],
67 silly audit   '@nodelib/fs.stat': [ '2.0.5' ],
67 silly audit   '@nodelib/fs.walk': [ '1.2.8' ],
67 silly audit   '@pkgr/core': [ '0.1.1' ],
67 silly audit   '@remix-run/eslint-config': [ '2.10.2' ],
67 silly audit   '@typescript-eslint/eslint-plugin': [ '5.62.0', '7.15.0' ],
67 silly audit   '@typescript-eslint/parser': [ '5.62.0', '7.15.0' ],
67 silly audit   '@typescript-eslint/scope-manager': [ '5.62.0', '7.15.0' ],
67 silly audit   '@typescript-eslint/type-utils': [ '5.62.0', '7.15.0' ],
67 silly audit   '@typescript-eslint/types': [ '5.62.0', '7.15.0' ],
67 silly audit   '@typescript-eslint/typescript-estree': [ '5.62.0', '7.15.0' ],
67 silly audit   '@typescript-eslint/utils': [ '5.62.0', '7.15.0' ],
67 silly audit   '@typescript-eslint/visitor-keys': [ '5.62.0', '7.15.0' ],
67 silly audit   semver: [ '7.6.2', '6.3.1' ],
67 silly audit   '@remix-run/node': [ '1.6.0' ],
67 silly audit   '@remix-run/server-runtime': [ '1.6.0' ],
67 silly audit   '@types/cookie': [ '0.4.1' ],
67 silly audit   cookie: [ '0.4.2' ],
67 silly audit   '@remix-run/react': [ '1.6.0' ],
67 silly audit   '@remix-run/router': [ '1.17.1' ],
67 silly audit   '@remix-run/web-blob': [ '3.1.0' ],
67 silly audit   '@remix-run/web-fetch': [ '4.4.2' ],
67 silly audit   '@remix-run/web-file': [ '3.1.0' ],
67 silly audit   '@remix-run/web-form-data': [ '3.1.0' ],
67 silly audit   '@remix-run/web-stream': [ '1.1.0' ],
67 silly audit   '@rollup/rollup-android-arm-eabi': [ '4.18.0' ],
67 silly audit   '@rollup/rollup-android-arm64': [ '4.18.0' ],
67 silly audit   '@rollup/rollup-darwin-arm64': [ '4.18.0' ],
67 silly audit   '@rollup/rollup-darwin-x64': [ '4.18.0' ],
67 silly audit   '@rollup/rollup-linux-arm-gnueabihf': [ '4.18.0' ],
67 silly audit   '@rollup/rollup-linux-arm-musleabihf': [ '4.18.0' ],
67 silly audit   '@rollup/rollup-linux-arm64-gnu': [ '4.18.0' ],
67 silly audit   '@rollup/rollup-linux-arm64-musl': [ '4.18.0' ],
67 silly audit   '@rollup/rollup-linux-powerpc64le-gnu': [ '4.18.0' ],
67 silly audit   '@rollup/rollup-linux-riscv64-gnu': [ '4.18.0' ],
67 silly audit   '@rollup/rollup-linux-s390x-gnu': [ '4.18.0' ],
67 silly audit   '@rollup/rollup-linux-x64-gnu': [ '4.18.0' ],
67 silly audit   '@rollup/rollup-linux-x64-musl': [ '4.18.0' ],
67 silly audit   '@rollup/rollup-win32-arm64-msvc': [ '4.18.0' ],
67 silly audit   '@rollup/rollup-win32-ia32-msvc': [ '4.18.0' ],
67 silly audit   '@rollup/rollup-win32-x64-msvc': [ '4.18.0' ],
67 silly audit   '@rushstack/eslint-patch': [ '1.10.3' ],
67 silly audit   '@shopify/app-bridge': [ '3.7.10', '2.3.1' ],
67 silly audit   '@shopify/app-bridge-core': [ '1.1.1' ],
67 silly audit   '@shopify/app-bridge-react': [ '2.3.1' ],
67 silly audit   '@shopify/app-bridge-utils': [ '3.5.1' ],
67 silly audit   '@shopify/polaris': [ '9.24.0' ],
67 silly audit   '@shopify/polaris-icons': [ '5.4.0' ],
67 silly audit   '@shopify/polaris-tokens': [ '5.5.2' ],
67 silly audit   '@testing-library/dom': [ '8.20.1' ],
67 silly audit   '@types/aria-query': [ '5.0.4' ],
67 silly audit   '@types/estree': [ '1.0.5' ],
67 silly audit   '@types/json-schema': [ '7.0.15' ],
67 silly audit   '@types/json5': [ '0.0.29' ],
67 silly audit   '@types/node': [ '18.19.39' ],
67 silly audit   '@types/prop-types': [ '15.7.12' ],
67 silly audit   '@types/react': [ '18.3.3', '17.0.80' ],
67 silly audit   '@types/react-dom': [ '17.0.25' ],
67 silly audit   '@types/react-transition-group': [ '4.4.10' ],
67 silly audit   '@types/scheduler': [ '0.16.8' ],
67 silly audit   '@types/semver': [ '7.5.8' ],
67 silly audit   'brace-expansion': [ '2.0.1', '1.1.11' ],
67 silly audit   minimatch: [ '9.0.5', '3.1.2' ],
67 silly audit   '@web3-storage/multipart-parser': [ '1.0.0' ],
67 silly audit   '@zxing/text-encoding': [ '0.9.0' ],
67 silly audit   'abort-controller': [ '3.0.0' ],
67 silly audit   'ansi-regex': [ '5.0.1' ],
67 silly audit   'aria-query': [ '5.1.3' ],
67 silly audit   'array-buffer-byte-length': [ '1.0.1' ],
67 silly audit   'array-includes': [ '3.1.8' ],
67 silly audit   'array-union': [ '2.1.0' ],
67 silly audit   'array.prototype.findlast': [ '1.2.5' ],
67 silly audit   'array.prototype.findlastindex': [ '1.2.5' ],
67 silly audit   'array.prototype.flat': [ '1.3.2' ],
67 silly audit   'array.prototype.flatmap': [ '1.3.2' ],
67 silly audit   'array.prototype.toreversed': [ '1.1.2' ],
67 silly audit   'array.prototype.tosorted': [ '1.1.4' ],
67 silly audit   'arraybuffer.prototype.slice': [ '1.0.3' ],
67 silly audit   'ast-types-flow': [ '0.0.8' ],
67 silly audit   'available-typed-arrays': [ '1.0.7' ],
67 silly audit   'axe-core': [ '4.9.1' ],
67 silly audit   'axobject-query': [ '3.1.1' ],
67 silly audit   'balanced-match': [ '1.0.2' ],
67 silly audit   base64url: [ '3.0.1' ],
67 silly audit   braces: [ '3.0.3' ],
67 silly audit   browserslist: [ '4.23.1' ],
67 silly audit   'buffer-from': [ '1.1.2' ],
67 silly audit   'call-bind': [ '1.0.7' ],
67 silly audit   'caniuse-lite': [ '1.0.30001640' ],
67 silly audit   'concat-map': [ '0.0.1' ],
67 silly audit   'convert-source-map': [ '2.0.0' ],
67 silly audit   'cookie-signature': [ '1.2.1' ],
67 silly audit   csstype: [ '3.1.3' ],
67 silly audit   'damerau-levenshtein': [ '1.0.8' ],
67 silly audit   'data-uri-to-buffer': [ '3.0.1' ],
67 silly audit   'data-view-buffer': [ '1.0.1' ],
67 silly audit   'data-view-byte-length': [ '1.0.1' ],
67 silly audit   'data-view-byte-offset': [ '1.0.0' ],
67 silly audit   debug: [ '4.3.5', '3.2.7' ],
67 silly audit   'deep-equal': [ '2.2.3' ],
67 silly audit   'define-data-property': [ '1.1.4' ],
67 silly audit   'define-properties': [ '1.2.1' ],
67 silly audit   'dir-glob': [ '3.0.1' ],
67 silly audit   'dom-accessibility-api': [ '0.5.16' ],
67 silly audit   'dom-helpers': [ '5.2.1' ],
67 silly audit   'electron-to-chromium': [ '1.4.818' ],
67 silly audit   'emoji-regex': [ '9.2.2' ],
67 silly audit   'enhanced-resolve': [ '5.17.0' ],
67 silly audit   'es-abstract': [ '1.23.3' ],
67 silly audit   'es-define-property': [ '1.0.0' ],
67 silly audit   'es-errors': [ '1.3.0' ],
67 silly audit   'es-get-iterator': [ '1.1.3' ],
67 silly audit   'es-iterator-helpers': [ '1.0.19' ],
67 silly audit   'es-object-atoms': [ '1.0.0' ],
67 silly audit   'es-set-tostringtag': [ '2.0.3' ],
67 silly audit   'es-shim-unscopables': [ '1.0.2' ],
67 silly audit   'es-to-primitive': [ '1.2.1' ],
67 silly audit   esbuild: [ '0.21.5' ],
67 silly audit   escalade: [ '3.1.2' ],
67 silly audit   'eslint-config-prettier': [ '9.1.0' ],
67 silly audit   'eslint-import-resolver-node': [ '0.3.7', '0.3.9' ],
67 silly audit   'eslint-import-resolver-typescript': [ '3.6.1' ],
67 silly audit   'eslint-module-utils': [ '2.8.1' ],
67 silly audit   'eslint-plugin-es': [ '3.0.1' ],
67 silly audit   'eslint-plugin-import': [ '2.29.1' ],
67 silly audit   doctrine: [ '2.1.0' ],
67 silly audit   json5: [ '1.0.2', '2.2.3' ],
67 silly audit   'tsconfig-paths': [ '3.15.0' ],
67 silly audit   'eslint-plugin-jest': [ '26.9.0' ],
67 silly audit   'eslint-plugin-jest-dom': [ '4.0.3' ],
67 silly audit   'eslint-plugin-jsx-a11y': [ '6.9.0' ],
67 silly audit   'eslint-plugin-node': [ '11.1.0' ],
67 silly audit   'eslint-plugin-prettier': [ '5.1.3' ],
67 silly audit   'eslint-plugin-react': [ '7.34.3' ],
67 silly audit   'eslint-plugin-react-hooks': [ '4.6.2' ],
67 silly audit   resolve: [ '2.0.0-next.5', '1.22.8' ],
67 silly audit   'eslint-plugin-testing-library': [ '5.11.1' ],
67 silly audit   'eslint-utils': [ '2.1.0' ],
67 silly audit   esrecurse: [ '4.3.0' ],
67 silly audit   esutils: [ '2.0.3' ],
67 silly audit   'event-target-shim': [ '5.0.1' ],
67 silly audit   'fast-diff': [ '1.3.0' ],
67 silly audit   'fast-glob': [ '3.3.2' ],
67 silly audit   'glob-parent': [ '5.1.2' ],
67 silly audit   fastq: [ '1.17.1' ],
67 silly audit   'fill-range': [ '7.1.1' ],
67 silly audit   'for-each': [ '0.3.3' ],
67 silly audit   fsevents: [ '2.3.3' ],
67 silly audit   'function-bind': [ '1.1.2' ],
67 silly audit   'function.prototype.name': [ '1.1.6' ],
67 silly audit   'functions-have-names': [ '1.2.3' ],
67 silly audit   gensync: [ '1.0.0-beta.2' ],
67 silly audit   'get-intrinsic': [ '1.2.4' ],
67 silly audit   'get-symbol-description': [ '1.0.2' ],
67 silly audit   'get-tsconfig': [ '4.7.5' ],
67 silly audit   globalthis: [ '1.0.4' ],
67 silly audit   globby: [ '11.1.0' ],
67 silly audit   gopd: [ '1.0.1' ],
67 silly audit   'graceful-fs': [ '4.2.11' ],
67 silly audit   graphemer: [ '1.4.0' ],
67 silly audit   'has-bigints': [ '1.0.2' ],
67 silly audit   'has-property-descriptors': [ '1.0.2' ],
67 silly audit   'has-proto': [ '1.0.3' ],
67 silly audit   'has-symbols': [ '1.0.3' ],
67 silly audit   'has-tostringtag': [ '1.0.2' ],
67 silly audit   hasown: [ '2.0.2' ],
67 silly audit   history: [ '5.3.0' ],
67 silly audit   ignore: [ '5.3.1' ],
67 silly audit   inherits: [ '2.0.4' ],
67 silly audit   'internal-slot': [ '1.0.7' ],
67 silly audit   'is-arguments': [ '1.1.1' ],
67 silly audit   'is-array-buffer': [ '3.0.4' ],
67 silly audit   'is-async-function': [ '2.0.0' ],
67 silly audit   'is-bigint': [ '1.0.4' ],
67 silly audit   'is-boolean-object': [ '1.1.2' ],
67 silly audit   'is-callable': [ '1.2.7' ],
67 silly audit   'is-core-module': [ '2.14.0' ],
67 silly audit   'is-data-view': [ '1.0.1' ],
67 silly audit   'is-date-object': [ '1.0.5' ],
67 silly audit   'is-extglob': [ '2.1.1' ],
67 silly audit   'is-finalizationregistry': [ '1.0.2' ],
67 silly audit   'is-generator-function': [ '1.0.10' ],
67 silly audit   'is-glob': [ '4.0.3' ],
67 silly audit   'is-map': [ '2.0.3' ],
67 silly audit   'is-negative-zero': [ '2.0.3' ],
67 silly audit   'is-number': [ '7.0.0' ],
67 silly audit   'is-number-object': [ '1.0.7' ],
67 silly audit   'is-regex': [ '1.1.4' ],
67 silly audit   'is-set': [ '2.0.3' ],
67 silly audit   'is-shared-array-buffer': [ '1.0.3' ],
67 silly audit   'is-string': [ '1.0.7' ],
67 silly audit   'is-symbol': [ '1.0.4' ],
67 silly audit   'is-typed-array': [ '1.1.13' ],
67 silly audit   'is-weakmap': [ '2.0.2' ],
67 silly audit   'is-weakref': [ '1.0.2' ],
67 silly audit   'is-weakset': [ '2.0.3' ],
67 silly audit   isarray: [ '2.0.5' ],
67 silly audit   'iterator.prototype': [ '1.1.2' ],
67 silly audit   'js-tokens': [ '4.0.0' ],
67 silly audit   'jsx-ast-utils': [ '3.3.5' ],
67 silly audit   'language-subtag-registry': [ '0.3.23' ],
67 silly audit   'language-tags': [ '1.0.9' ],
67 silly audit   'loose-envify': [ '1.4.0' ],
67 silly audit   'lru-cache': [ '5.1.1' ],
67 silly audit   'lz-string': [ '1.5.0' ],
67 silly audit   merge2: [ '1.4.1' ],
67 silly audit   micromatch: [ '4.0.7' ],
67 silly audit   minimist: [ '1.2.8' ],
67 silly audit   mrmime: [ '1.0.1' ],
67 silly audit   ms: [ '2.1.2' ],
67 silly audit   nanoid: [ '3.3.7' ],
67 silly audit   'natural-compare': [ '1.4.0' ],
67 silly audit   'natural-compare-lite': [ '1.4.0' ],
67 silly audit   'node-releases': [ '2.0.14' ],
67 silly audit   'object-assign': [ '4.1.1' ],
67 silly audit   'object-inspect': [ '1.13.2' ],
67 silly audit   'object-is': [ '1.1.6' ],
67 silly audit   'object-keys': [ '1.1.1' ],
67 silly audit   'object.assign': [ '4.1.5' ],
67 silly audit   'object.entries': [ '1.1.8' ],
67 silly audit   'object.fromentries': [ '2.0.8' ],
67 silly audit   'object.groupby': [ '1.0.3' ],
67 silly audit   'object.hasown': [ '1.1.4' ],
67 silly audit   'object.values': [ '1.2.0' ],
67 silly audit   'path-parse': [ '1.0.7' ],
67 silly audit   'path-type': [ '4.0.0' ],
67 silly audit   picocolors: [ '1.0.1' ],
67 silly audit   picomatch: [ '2.3.1' ],
67 silly audit   'possible-typed-array-names': [ '1.0.0' ],
67 silly audit   postcss: [ '8.4.39' ],
67 silly audit   prettier: [ '3.3.2' ],
67 silly audit   'prettier-linter-helpers': [ '1.0.0' ],
67 silly audit   'pretty-format': [ '27.5.1' ],
67 silly audit   'prop-types': [ '15.8.1' ],
67 silly audit   'react-is': [ '16.13.1', '17.0.2' ],
67 silly audit   'queue-microtask': [ '1.2.3' ],
67 silly audit   react: [ '17.0.2' ],
67 silly audit   'react-dom': [ '17.0.2' ],
67 silly audit   'react-fast-compare': [ '3.2.2' ],
67 silly audit   'react-router': [ '6.24.1' ],
67 silly audit   'react-router-dom': [ '6.24.1' ],
67 silly audit   'react-transition-group': [ '4.4.5' ],
67 silly audit   'reflect.getprototypeof': [ '1.0.6' ],
67 silly audit   'regenerator-runtime': [ '0.14.1' ],
67 silly audit   'regexp.prototype.flags': [ '1.5.2' ],
67 silly audit   regexpp: [ '3.2.0' ],
67 silly audit   requireindex: [ '1.2.0' ],
67 silly audit   'resolve-pkg-maps': [ '1.0.0' ],
67 silly audit   reusify: [ '1.0.4' ],
67 silly audit   rollup: [ '4.18.0' ],
67 silly audit   'run-parallel': [ '1.2.0' ],
67 silly audit   'safe-array-concat': [ '1.1.2' ],
67 silly audit   'safe-regex-test': [ '1.0.3' ],
67 silly audit   scheduler: [ '0.20.2' ],
67 silly audit   'set-cookie-parser': [ '2.6.0' ],
67 silly audit   'set-function-length': [ '1.2.2' ],
67 silly audit   'set-function-name': [ '2.0.2' ],
67 silly audit   'side-channel': [ '1.0.6' ],
67 silly audit   slash: [ '3.0.0' ],
67 silly audit   'source-map': [ '0.7.4', '0.6.1' ],
67 silly audit   'source-map-js': [ '1.2.0' ],
67 silly audit   'source-map-support': [ '0.5.21' ],
67 silly audit   'stop-iteration-iterator': [ '1.0.0' ],
67 silly audit   'stream-slice': [ '0.1.2' ],
67 silly audit   'string.prototype.includes': [ '2.0.0' ],
67 silly audit   'string.prototype.matchall': [ '4.0.11' ],
67 silly audit   'string.prototype.trim': [ '1.2.9' ],
67 silly audit   'string.prototype.trimend': [ '1.0.8' ],
67 silly audit   'string.prototype.trimstart': [ '1.0.8' ],
67 silly audit   'strip-bom': [ '3.0.0' ],
67 silly audit   'supports-preserve-symlinks-flag': [ '1.0.0' ],
67 silly audit   synckit: [ '0.8.8' ],
67 silly audit   tapable: [ '2.2.1' ],
67 silly audit   'to-fast-properties': [ '2.0.0' ],
67 silly audit   'to-regex-range': [ '5.0.1' ],
67 silly audit   'ts-api-utils': [ '1.3.0' ],
67 silly audit   tslib: [ '2.6.3', '1.14.1' ],
67 silly audit   tsutils: [ '3.21.0' ],
67 silly audit   'typed-array-buffer': [ '1.0.2' ],
67 silly audit   'typed-array-byte-length': [ '1.0.1' ],
67 silly audit   'typed-array-byte-offset': [ '1.0.2' ],
67 silly audit   'typed-array-length': [ '1.0.6' ],
67 silly audit   typescript: [ '5.1.6' ],
67 silly audit   'unbox-primitive': [ '1.0.2' ],
67 silly audit   'undici-types': [ '5.26.5' ],
67 silly audit   'update-browserslist-db': [ '1.1.0' ],
67 silly audit   util: [ '0.12.5' ],
67 silly audit   vite: [ '5.3.3' ],
67 silly audit   'web-encoding': [ '1.1.5' ],
67 silly audit   'web-streams-polyfill': [ '3.3.3' ],
67 silly audit   'web-vitals': [ '3.5.2' ],
67 silly audit   'which-boxed-primitive': [ '1.0.2' ],
67 silly audit   'which-builtin-type': [ '1.1.3' ],
67 silly audit   'which-collection': [ '1.0.2' ],
67 silly audit   'which-typed-array': [ '1.1.15' ],
67 silly audit   yallist: [ '3.1.1' ],
67 silly audit   '@prisma/client': [ '5.16.1' ],
67 silly audit   '@shopify/shopify-api': [ '11.1.0' ],
67 silly audit   isbot: [ '5.1.11' ],
67 silly audit   'node-cron': [ '3.0.3' ],
67 silly audit   toml: [ '3.0.0' ],
67 silly audit   '@shopify/admin-api-client': [ '1.0.0' ],
67 silly audit   '@shopify/network': [ '3.3.0' ],
67 silly audit   '@shopify/storefront-api-client': [ '1.0.0' ],
67 silly audit   'compare-versions': [ '6.1.0' ],
67 silly audit   jose: [ '5.6.3' ],
67 silly audit   'node-fetch': [ '2.7.0' ],
67 silly audit   uuid: [ '10.0.0', '8.3.2' ],
67 silly audit   '@shopify/graphql-client': [ '1.0.0' ],
67 silly audit   'whatwg-url': [ '5.0.0' ],
67 silly audit   tr46: [ '0.0.3' ],
67 silly audit   'webidl-conversions': [ '3.0.1' ]
67 silly audit }
68 verbose reify failed optional dependency /Users/damionrashford/reservation-app/node_modules/@rollup/rollup-win32-x64-msvc
69 silly reify mark deleted [
69 silly reify   '/Users/damionrashford/reservation-app/node_modules/@rollup/rollup-win32-x64-msvc'
69 silly reify ]
70 verbose reify failed optional dependency /Users/damionrashford/reservation-app/node_modules/@rollup/rollup-win32-ia32-msvc
71 silly reify mark deleted [
71 silly reify   '/Users/damionrashford/reservation-app/node_modules/@rollup/rollup-win32-ia32-msvc'
71 silly reify ]
72 verbose reify failed optional dependency /Users/damionrashford/reservation-app/node_modules/@rollup/rollup-win32-arm64-msvc
73 silly reify mark deleted [
73 silly reify   '/Users/damionrashford/reservation-app/node_modules/@rollup/rollup-win32-arm64-msvc'
73 silly reify ]
74 verbose reify failed optional dependency /Users/damionrashford/reservation-app/node_modules/@rollup/rollup-linux-x64-musl
75 silly reify mark deleted [
75 silly reify   '/Users/damionrashford/reservation-app/node_modules/@rollup/rollup-linux-x64-musl'
75 silly reify ]
76 verbose reify failed optional dependency /Users/damionrashford/reservation-app/node_modules/@rollup/rollup-linux-x64-gnu
77 silly reify mark deleted [
77 silly reify   '/Users/damionrashford/reservation-app/node_modules/@rollup/rollup-linux-x64-gnu'
77 silly reify ]
78 verbose reify failed optional dependency /Users/damionrashford/reservation-app/node_modules/@rollup/rollup-linux-s390x-gnu
79 silly reify mark deleted [
79 silly reify   '/Users/damionrashford/reservation-app/node_modules/@rollup/rollup-linux-s390x-gnu'
79 silly reify ]
80 verbose reify failed optional dependency /Users/damionrashford/reservation-app/node_modules/@rollup/rollup-linux-riscv64-gnu
81 silly reify mark deleted [
81 silly reify   '/Users/damionrashford/reservation-app/node_modules/@rollup/rollup-linux-riscv64-gnu'
81 silly reify ]
82 verbose reify failed optional dependency /Users/damionrashford/reservation-app/node_modules/@rollup/rollup-linux-powerpc64le-gnu
83 silly reify mark deleted [
83 silly reify   '/Users/damionrashford/reservation-app/node_modules/@rollup/rollup-linux-powerpc64le-gnu'
83 silly reify ]
84 verbose reify failed optional dependency /Users/damionrashford/reservation-app/node_modules/@rollup/rollup-linux-arm64-musl
85 silly reify mark deleted [
85 silly reify   '/Users/damionrashford/reservation-app/node_modules/@rollup/rollup-linux-arm64-musl'
85 silly reify ]
86 verbose reify failed optional dependency /Users/damionrashford/reservation-app/node_modules/@rollup/rollup-linux-arm64-gnu
87 silly reify mark deleted [
87 silly reify   '/Users/damionrashford/reservation-app/node_modules/@rollup/rollup-linux-arm64-gnu'
87 silly reify ]
88 verbose reify failed optional dependency /Users/damionrashford/reservation-app/node_modules/@rollup/rollup-linux-arm-musleabihf
89 silly reify mark deleted [
89 silly reify   '/Users/damionrashford/reservation-app/node_modules/@rollup/rollup-linux-arm-musleabihf'
89 silly reify ]
90 verbose reify failed optional dependency /Users/damionrashford/reservation-app/node_modules/@rollup/rollup-linux-arm-gnueabihf
91 silly reify mark deleted [
91 silly reify   '/Users/damionrashford/reservation-app/node_modules/@rollup/rollup-linux-arm-gnueabihf'
91 silly reify ]
92 verbose reify failed optional dependency /Users/damionrashford/reservation-app/node_modules/@rollup/rollup-darwin-x64
93 silly reify mark deleted [
93 silly reify   '/Users/damionrashford/reservation-app/node_modules/@rollup/rollup-darwin-x64'
93 silly reify ]
94 verbose reify failed optional dependency /Users/damionrashford/reservation-app/node_modules/@rollup/rollup-android-arm64
95 silly reify mark deleted [
95 silly reify   '/Users/damionrashford/reservation-app/node_modules/@rollup/rollup-android-arm64'
95 silly reify ]
96 verbose reify failed optional dependency /Users/damionrashford/reservation-app/node_modules/@rollup/rollup-android-arm-eabi
97 silly reify mark deleted [
97 silly reify   '/Users/damionrashford/reservation-app/node_modules/@rollup/rollup-android-arm-eabi'
97 silly reify ]
98 verbose reify failed optional dependency /Users/damionrashford/reservation-app/node_modules/@esbuild/win32-x64
99 silly reify mark deleted [
99 silly reify   '/Users/damionrashford/reservation-app/node_modules/@esbuild/win32-x64'
99 silly reify ]
100 verbose reify failed optional dependency /Users/damionrashford/reservation-app/node_modules/@esbuild/win32-ia32
101 silly reify mark deleted [
101 silly reify   '/Users/damionrashford/reservation-app/node_modules/@esbuild/win32-ia32'
101 silly reify ]
102 verbose reify failed optional dependency /Users/damionrashford/reservation-app/node_modules/@esbuild/win32-arm64
103 silly reify mark deleted [
103 silly reify   '/Users/damionrashford/reservation-app/node_modules/@esbuild/win32-arm64'
103 silly reify ]
104 verbose reify failed optional dependency /Users/damionrashford/reservation-app/node_modules/@esbuild/sunos-x64
105 silly reify mark deleted [
105 silly reify   '/Users/damionrashford/reservation-app/node_modules/@esbuild/sunos-x64'
105 silly reify ]
106 verbose reify failed optional dependency /Users/damionrashford/reservation-app/node_modules/@esbuild/openbsd-x64
107 silly reify mark deleted [
107 silly reify   '/Users/damionrashford/reservation-app/node_modules/@esbuild/openbsd-x64'
107 silly reify ]
108 verbose reify failed optional dependency /Users/damionrashford/reservation-app/node_modules/@esbuild/netbsd-x64
109 silly reify mark deleted [
109 silly reify   '/Users/damionrashford/reservation-app/node_modules/@esbuild/netbsd-x64'
109 silly reify ]
110 verbose reify failed optional dependency /Users/damionrashford/reservation-app/node_modules/@esbuild/linux-x64
111 silly reify mark deleted [
111 silly reify   '/Users/damionrashford/reservation-app/node_modules/@esbuild/linux-x64'
111 silly reify ]
112 verbose reify failed optional dependency /Users/damionrashford/reservation-app/node_modules/@esbuild/linux-s390x
113 silly reify mark deleted [
113 silly reify   '/Users/damionrashford/reservation-app/node_modules/@esbuild/linux-s390x'
113 silly reify ]
114 verbose reify failed optional dependency /Users/damionrashford/reservation-app/node_modules/@esbuild/linux-riscv64
115 silly reify mark deleted [
115 silly reify   '/Users/damionrashford/reservation-app/node_modules/@esbuild/linux-riscv64'
115 silly reify ]
116 verbose reify failed optional dependency /Users/damionrashford/reservation-app/node_modules/@esbuild/linux-ppc64
117 silly reify mark deleted [
117 silly reify   '/Users/damionrashford/reservation-app/node_modules/@esbuild/linux-ppc64'
117 silly reify ]
118 verbose reify failed optional dependency /Users/damionrashford/reservation-app/node_modules/@esbuild/linux-mips64el
119 silly reify mark deleted [
119 silly reify   '/Users/damionrashford/reservation-app/node_modules/@esbuild/linux-mips64el'
119 silly reify ]
120 verbose reify failed optional dependency /Users/damionrashford/reservation-app/node_modules/@esbuild/linux-loong64
121 silly reify mark deleted [
121 silly reify   '/Users/damionrashford/reservation-app/node_modules/@esbuild/linux-loong64'
121 silly reify ]
122 verbose reify failed optional dependency /Users/damionrashford/reservation-app/node_modules/@esbuild/linux-ia32
123 silly reify mark deleted [
123 silly reify   '/Users/damionrashford/reservation-app/node_modules/@esbuild/linux-ia32'
123 silly reify ]
124 verbose reify failed optional dependency /Users/damionrashford/reservation-app/node_modules/@esbuild/linux-arm64
125 silly reify mark deleted [
125 silly reify   '/Users/damionrashford/reservation-app/node_modules/@esbuild/linux-arm64'
125 silly reify ]
126 verbose reify failed optional dependency /Users/damionrashford/reservation-app/node_modules/@esbuild/linux-arm
127 silly reify mark deleted [
127 silly reify   '/Users/damionrashford/reservation-app/node_modules/@esbuild/linux-arm'
127 silly reify ]
128 verbose reify failed optional dependency /Users/damionrashford/reservation-app/node_modules/@esbuild/freebsd-x64
129 silly reify mark deleted [
129 silly reify   '/Users/damionrashford/reservation-app/node_modules/@esbuild/freebsd-x64'
129 silly reify ]
130 verbose reify failed optional dependency /Users/damionrashford/reservation-app/node_modules/@esbuild/freebsd-arm64
131 silly reify mark deleted [
131 silly reify   '/Users/damionrashford/reservation-app/node_modules/@esbuild/freebsd-arm64'
131 silly reify ]
132 verbose reify failed optional dependency /Users/damionrashford/reservation-app/node_modules/@esbuild/darwin-x64
133 silly reify mark deleted [
133 silly reify   '/Users/damionrashford/reservation-app/node_modules/@esbuild/darwin-x64'
133 silly reify ]
134 verbose reify failed optional dependency /Users/damionrashford/reservation-app/node_modules/@esbuild/android-x64
135 silly reify mark deleted [
135 silly reify   '/Users/damionrashford/reservation-app/node_modules/@esbuild/android-x64'
135 silly reify ]
136 verbose reify failed optional dependency /Users/damionrashford/reservation-app/node_modules/@esbuild/android-arm64
137 silly reify mark deleted [
137 silly reify   '/Users/damionrashford/reservation-app/node_modules/@esbuild/android-arm64'
137 silly reify ]
138 verbose reify failed optional dependency /Users/damionrashford/reservation-app/node_modules/@esbuild/android-arm
139 silly reify mark deleted [
139 silly reify   '/Users/damionrashford/reservation-app/node_modules/@esbuild/android-arm'
139 silly reify ]
140 verbose reify failed optional dependency /Users/damionrashford/reservation-app/node_modules/@esbuild/aix-ppc64
141 silly reify mark deleted [
141 silly reify   '/Users/damionrashford/reservation-app/node_modules/@esbuild/aix-ppc64'
141 silly reify ]
142 http fetch POST 200 https://registry.npmjs.org/-/npm/v1/security/advisories/bulk 72ms
143 silly audit report {}
144 info run @prisma/client@5.16.1 postinstall node_modules/@prisma/client node scripts/postinstall.js
145 info run @prisma/client@5.16.1 postinstall { code: 0, signal: null }
146 silly ADD node_modules/webidl-conversions
147 silly ADD node_modules/tr46
148 silly ADD node_modules/whatwg-url
149 silly ADD node_modules/@shopify/graphql-client
150 silly ADD node_modules/uuid
151 silly ADD node_modules/node-fetch
152 silly ADD node_modules/jose
153 silly ADD node_modules/compare-versions
154 silly ADD node_modules/@shopify/storefront-api-client
155 silly ADD node_modules/@shopify/network
156 silly ADD node_modules/@shopify/admin-api-client
157 silly ADD node_modules/toml
158 silly ADD node_modules/node-cron
159 silly ADD node_modules/node-cron/node_modules/uuid
160 silly ADD node_modules/isbot
161 silly ADD node_modules/@shopify/shopify-api
162 silly ADD node_modules/@prisma/client
163 silly ADD
164 silly ADD
165 silly ADD
166 silly ADD
167 silly ADD
168 silly ADD
169 silly ADD
170 silly ADD
171 silly ADD
172 silly ADD
173 silly ADD
174 silly ADD
175 silly ADD
176 silly ADD
177 silly ADD
178 silly ADD
179 silly ADD
180 silly ADD
181 silly ADD
182 silly ADD
183 silly ADD
184 silly ADD
185 silly ADD
186 silly ADD
187 silly ADD
188 silly ADD
189 silly ADD
190 silly ADD
191 silly ADD
192 silly ADD
193 silly ADD
194 silly ADD
195 silly ADD
196 silly ADD
197 silly ADD
198 silly ADD
199 silly ADD
200 verbose exit 0
201 info ok
